Unity Editor version:    2021.3.8f1 (b30333d56e81)
Branch:                  2021.3/staging
Build type:              Release
Batch mode:              YES
macOS version:           Version 12.3.1 (Build 21E258)
Darwin version:          21.4.0
Architecture:            x86_64
Running under Rosetta:   YES
Available memory:        8192 MB
Using pre-set license
Pro License: YES

COMMAND LINE ARGUMENTS:
/Applications/Unity/Hub/Editor/2021.3.8f1/Unity.app/Contents/MacOS/Unity
-adb2
-batchMode
-noUpm
-name
AssetImportWorker0
-projectPath
/Users/sukanyachopra/Desktop/Multiverse-4/Multi-4
-logFile
Logs/AssetImportWorker0.log
-srvPort
56720
Successfully changed project path to: /Users/sukanyachopra/Desktop/Multiverse-4/Multi-4
/Users/sukanyachopra/Desktop/Multiverse-4/Multi-4
[UnityMemory] Configuration Parameters - Can be set up in boot.config
    "memorysetup-bucket-allocator-granularity=16"
    "memorysetup-bucket-allocator-bucket-count=8"
    "memorysetup-bucket-allocator-block-size=33554432"
    "memorysetup-bucket-allocator-block-count=8"
    "memorysetup-main-allocator-block-size=16777216"
    "memorysetup-thread-allocator-block-size=16777216"
    "memorysetup-gfx-main-allocator-block-size=16777216"
    "memorysetup-gfx-thread-allocator-block-size=16777216"
    "memorysetup-cache-allocator-block-size=4194304"
    "memorysetup-typetree-allocator-block-size=2097152"
    "memorysetup-profiler-bucket-allocator-granularity=16"
    "memorysetup-profiler-bucket-allocator-bucket-count=8"
    "memorysetup-profiler-bucket-allocator-block-size=33554432"
    "memorysetup-profiler-bucket-allocator-block-count=8"
    "memorysetup-profiler-allocator-block-size=16777216"
    "memorysetup-profiler-editor-allocator-block-size=1048576"
    "memorysetup-temp-allocator-size-main=16777216"
    "memorysetup-job-temp-allocator-block-size=2097152"
    "memorysetup-job-temp-allocator-block-size-background=1048576"
    "memorysetup-job-temp-allocator-reduction-small-platforms=262144"
    "memorysetup-temp-allocator-size-background-worker=32768"
    "memorysetup-temp-allocator-size-job-worker=262144"
    "memorysetup-temp-allocator-size-preload-manager=33554432"
    "memorysetup-temp-allocator-size-nav-mesh-worker=65536"
    "memorysetup-temp-allocator-size-audio-worker=65536"
    "memorysetup-temp-allocator-size-cloud-worker=32768"
    "memorysetup-temp-allocator-size-gi-baking-worker=262144"
    "memorysetup-temp-allocator-size-gfx=262144"
Refreshing native plugins compatible for Editor in 175.09 ms, found 2 plugins.
Preloading 0 native plugins for Editor in 0.00 ms.
Initialize engine version: 2021.3.8f1 (b30333d56e81)
[Subsystems] Discovering subsystems at path /Applications/Unity/Hub/Editor/2021.3.8f1/Unity.app/Contents/Resources/UnitySubsystems
[Subsystems] Discovering subsystems at path /Users/sukanyachopra/Desktop/Multiverse-4/Multi-4/Assets
GfxDevice: creating device client; threaded=0; jobified=0
 preferred device: Apple M1 (high power)
Metal devices available: 1
0: Apple M1 (high power)
Using device Apple M1 (high power)
Initializing Metal device caps: Apple M1
Initialize mono
Mono path[0] = '/Applications/Unity/Hub/Editor/2021.3.8f1/Unity.app/Contents/Managed'
Mono path[1] = '/Applications/Unity/Hub/Editor/2021.3.8f1/Unity.app/Contents/MonoBleedingEdge/lib/mono/unityjit-macos'
Mono config path = '/Applications/Unity/Hub/Editor/2021.3.8f1/Unity.app/Contents/MonoBleedingEdge/etc'
Using monoOptions --debugger-agent=transport=dt_socket,embedding=1,server=y,suspend=n,address=127.0.0.1:56832
Begin MonoManager ReloadAssembly
Registering precompiled unity dll's ...
Register platform support module: /Applications/Unity/Hub/Editor/2021.3.8f1/PlaybackEngines/WebGLSupport/UnityEditor.WebGL.Extensions.dll
Register platform support module: /Applications/Unity/Hub/Editor/2021.3.8f1/Unity.app/Contents/PlaybackEngines/MacStandaloneSupport/UnityEditor.OSXStandalone.Extensions.dll
Registered in 0.002236 seconds.
Native extension for OSXStandalone target not found
Native extension for WebGL target not found
Refreshing native plugins compatible for Editor in 176.97 ms, found 2 plugins.
Preloading 0 native plugins for Editor in 0.00 ms.
Mono: successfully reloaded assembly
- Completed reload, in  2.411 seconds
Domain Reload Profiling:
	ReloadAssembly (2412ms)
		BeginReloadAssembly (219ms)
			ExecutionOrderSort (0ms)
			DisableScriptedObjects (0ms)
			BackupInstance (0ms)
			ReleaseScriptingObjects (0ms)
			CreateAndSetChildDomain (5ms)
		EndReloadAssembly (1793ms)
			LoadAssemblies (215ms)
			RebuildTransferFunctionScriptingTraits (1ms)
			SetupTypeCache (223ms)
			ReleaseScriptCaches (0ms)
			RebuildScriptCaches (56ms)
			SetupLoadedEditorAssemblies (1280ms)
				LogAssemblyErrors (0ms)
				InitializePlatformSupportModulesInManaged (31ms)
				SetLoadedEditorAssemblies (1ms)
				RefreshPlugins (177ms)
				BeforeProcessingInitializeOnLoad (6ms)
				ProcessInitializeOnLoadAttributes (803ms)
				ProcessInitializeOnLoadMethodAttributes (261ms)
				AfterProcessingInitializeOnLoad (0ms)
				EditorAssembliesLoaded (1ms)
			ExecutionOrderSort2 (0ms)
			AwakeInstancesAfterBackupRestoration (0ms)
Platform modules already initialized, skipping
Registering precompiled user dll's ...
Registered in 0.006694 seconds.
Begin MonoManager ReloadAssembly
Symbol file LoadedFromMemory doesn't match image /Users/sukanyachopra/Desktop/Multiverse-4/Multi-4/Library/PackageCache/com.unity.visualscripting@1.7.8/Editor/VisualScripting.Core/Dependencies/YamlDotNet/Unity.VisualScripting.YamlDotNet.dll
Symbol file LoadedFromMemory doesn't match image /Users/sukanyachopra/Desktop/Multiverse-4/Multi-4/Library/PackageCache/com.unity.visualscripting@1.7.8/Editor/VisualScripting.Core/Dependencies/DotNetZip/Unity.VisualScripting.IonicZip.dll
Native extension for OSXStandalone target not found
Native extension for WebGL target not found
Refreshing native plugins compatible for Editor in 0.92 ms, found 2 plugins.
Preloading 0 native plugins for Editor in 0.00 ms.
Mono: successfully reloaded assembly
- Completed reload, in  3.760 seconds
Domain Reload Profiling:
	ReloadAssembly (3765ms)
		BeginReloadAssembly (339ms)
			ExecutionOrderSort (0ms)
			DisableScriptedObjects (54ms)
			BackupInstance (0ms)
			ReleaseScriptingObjects (0ms)
			CreateAndSetChildDomain (46ms)
		EndReloadAssembly (2992ms)
			LoadAssemblies (212ms)
			RebuildTransferFunctionScriptingTraits (0ms)
			SetupTypeCache (539ms)
			ReleaseScriptCaches (2ms)
			RebuildScriptCaches (98ms)
			SetupLoadedEditorAssemblies (1874ms)
				LogAssemblyErrors (0ms)
				InitializePlatformSupportModulesInManaged (23ms)
				SetLoadedEditorAssemblies (2ms)
				RefreshPlugins (1ms)
				BeforeProcessingInitializeOnLoad (209ms)
				ProcessInitializeOnLoadAttributes (1465ms)
				ProcessInitializeOnLoadMethodAttributes (172ms)
				AfterProcessingInitializeOnLoad (1ms)
				EditorAssembliesLoaded (0ms)
			ExecutionOrderSort2 (0ms)
			AwakeInstancesAfterBackupRestoration (16ms)
Platform modules already initialized, skipping
========================================================================
Worker process is ready to serve import requests
Launching external process: /Applications/Unity/Hub/Editor/2021.3.8f1/Unity.app/Contents/Tools/UnityShaderCompiler
Launched and connected shader compiler UnityShaderCompiler after 0.33 seconds
Refreshing native plugins compatible for Editor in 0.69 ms, found 2 plugins.
Preloading 0 native plugins for Editor in 0.00 ms.
Unloading 3377 Unused Serialized files (Serialized files now loaded: 0)
Unloading 27 unused Assets / (94.5 KB). Loaded Objects now: 3834.
Memory consumption went from 229.0 MB to 228.9 MB.
Total: 5.483958 ms (FindLiveObjects: 0.766375 ms CreateObjectMapping: 0.140792 ms MarkObjects: 4.173792 ms  DeleteObjects: 0.401667 ms)

AssetImportParameters requested are different than current active one (requested -> active):
  custom:video-decoder-ogg-theora: a1e56fd34408186e4bbccfd4996cb3dc -> 
  custom:container-muxer-webm: aa71ff27fc2769a1b78a27578f13a17b -> 
  custom:container-demuxer-webm: 4f35f7cbe854078d1ac9338744f61a02 -> 
  custom:video-encoder-webm-vp8: eb34c28f22e8b96e1ab97ce403110664 -> 
  custom:framework-osx-AVFoundation: e770b220cccbd017edd2c1fefb359320 -> 
  custom:audio-encoder-webm-vorbis: bf7c407c2cedff20999df2af8eb42d56 -> 
  custom:container-demuxer-ogg: 62fdf1f143b41e24485cea50d1cbac27 -> 
  custom:video-decoder-webm-vp8: 9c59270c3fd7afecdb556c50c9e8de78 -> 
  custom:audio-decoder-ogg-vorbis: bf7c407c2cedff20999df2af8eb42d56 -> 
========================================================================
Received Import Request.
  Time since last request: 141197.870907 seconds.
  path: Assets/Vast Outer Space/Meshes/Asteroids.fbx
  artifactKey: Guid(38c445290885e384197c7c05e3d49f5f) Importer(815301076,1909f56bfc062723c751e8b465ee728b)
Start importing Assets/Vast Outer Space/Meshes/Asteroids.fbx using Guid(38c445290885e384197c7c05e3d49f5f) Importer(815301076,1909f56bfc062723c751e8b465ee728b)  -> (artifact id: '06ceae10097874d1b4ab0f51abd5e88e') in 1.716017 seconds 
========================================================================
Received Import Request.
  Time since last request: 0.000321 seconds.
  path: Assets/Vast Outer Space/Meshes
  artifactKey: Guid(5589a4b3487b9497aa03362525aef26d) Importer(815301076,1909f56bfc062723c751e8b465ee728b)
Start importing Assets/Vast Outer Space/Meshes using Guid(5589a4b3487b9497aa03362525aef26d) Importer(815301076,1909f56bfc062723c751e8b465ee728b)  -> (artifact id: '252bb27355f0f8bb42a5b6f83eff73af') in 0.002211 seconds 
========================================================================
Received Import Request.
  Time since last request: 0.000110 seconds.
  path: Assets/Vast Outer Space/Meshes/Skyboxes.fbx
  artifactKey: Guid(5ebb9206daec4704f8f47668a037714d) Importer(815301076,1909f56bfc062723c751e8b465ee728b)
Start importing Assets/Vast Outer Space/Meshes/Skyboxes.fbx using Guid(5ebb9206daec4704f8f47668a037714d) Importer(815301076,1909f56bfc062723c751e8b465ee728b)  -> (artifact id: 'be5a843ccd333b358f55e603779e3a5d') in 0.226019 seconds 
========================================================================
Received Import Request.
  Time since last request: 0.000081 seconds.
  path: Assets/Vast Outer Space/Meshes/Planet_Rings.fbx
  artifactKey: Guid(8ac9969cd5be28241b55dbf277b11b63) Importer(815301076,1909f56bfc062723c751e8b465ee728b)
Start importing Assets/Vast Outer Space/Meshes/Planet_Rings.fbx using Guid(8ac9969cd5be28241b55dbf277b11b63) Importer(815301076,1909f56bfc062723c751e8b465ee728b)  -> (artifact id: '5b62a8db886e7ce0fbdf6c936f5a19ee') in 1.508299 seconds 
========================================================================
Received Import Request.
  Time since last request: 7.194299 seconds.
  path: Assets/Vast Outer Space/EXAMPLE
  artifactKey: Guid(fb89df21f1ad44664a99689659ceabc3) Importer(815301076,1909f56bfc062723c751e8b465ee728b)
Start importing Assets/Vast Outer Space/EXAMPLE using Guid(fb89df21f1ad44664a99689659ceabc3) Importer(815301076,1909f56bfc062723c751e8b465ee728b)  -> (artifact id: 'a5e5b14d2dbcabc8a81eb7bde27f298f') in 0.001657 seconds 
========================================================================
Received Import Request.
  Time since last request: 3.603597 seconds.
  path: Assets/Vast Outer Space/EXAMPLE/Demo_Scene_A.unity
  artifactKey: Guid(6c9e50774c896fd43a6fef673b9fd9df) Importer(815301076,1909f56bfc062723c751e8b465ee728b)
Start importing Assets/Vast Outer Space/EXAMPLE/Demo_Scene_A.unity using Guid(6c9e50774c896fd43a6fef673b9fd9df) Importer(815301076,1909f56bfc062723c751e8b465ee728b)  -> (artifact id: 'f285ab0836b8fa917bf35ec9cb7ae8c3') in 0.001521 seconds 
========================================================================
Received Import Request.
  Time since last request: 2.478345 seconds.
  path: Assets/Vast Outer Space/EXAMPLE/Demo_Scene_B.unity
  artifactKey: Guid(4547825d60af78e4dba31ef1b4f50a71) Importer(815301076,1909f56bfc062723c751e8b465ee728b)
Start importing Assets/Vast Outer Space/EXAMPLE/Demo_Scene_B.unity using Guid(4547825d60af78e4dba31ef1b4f50a71) Importer(815301076,1909f56bfc062723c751e8b465ee728b)  -> (artifact id: 'e7ca84b48e0eb50114e789297f3a860f') in 0.001872 seconds 
========================================================================
Received Import Request.
  Time since last request: 20.795189 seconds.
  path: Assets/Vast Outer Space/EXAMPLE/Demo_Scene_C.unity
  artifactKey: Guid(66acf3148a086bd44b36a4231684bf85) Importer(815301076,1909f56bfc062723c751e8b465ee728b)
Start importing Assets/Vast Outer Space/EXAMPLE/Demo_Scene_C.unity using Guid(66acf3148a086bd44b36a4231684bf85) Importer(815301076,1909f56bfc062723c751e8b465ee728b)  -> (artifact id: 'b250aba58d9677acab53e6d7d0a6093e') in 0.001672 seconds 
========================================================================
Received Import Request.
  Time since last request: 123.318166 seconds.
  path: Assets/Vast Outer Space/EXAMPLE/Demo_Scene_D.unity
  artifactKey: Guid(bf4062ff488c37f4781e88f218b8039e) Importer(815301076,1909f56bfc062723c751e8b465ee728b)
Start importing Assets/Vast Outer Space/EXAMPLE/Demo_Scene_D.unity using Guid(bf4062ff488c37f4781e88f218b8039e) Importer(815301076,1909f56bfc062723c751e8b465ee728b)  -> (artifact id: '0bc41bdfc8ff48cd7d3d91c3d2a88a9b') in 0.002641 seconds 
========================================================================
Received Import Request.
  Time since last request: 116.607064 seconds.
  path: Assets/Vast Outer Space/Materials/Asteroid_B.mat
  artifactKey: Guid(78fa8c6cf8494a8458e481f9665233b4) Importer(815301076,1909f56bfc062723c751e8b465ee728b)
Start importing Assets/Vast Outer Space/Materials/Asteroid_B.mat using Guid(78fa8c6cf8494a8458e481f9665233b4) Importer(815301076,1909f56bfc062723c751e8b465ee728b)  -> (artifact id: 'eb347375459c3ce5d4f09bdaa4bf41f7') in 0.767207 seconds 
========================================================================
Received Import Request.
  Time since last request: 0.000148 seconds.
  path: Assets/Vast Outer Space/Materials/Gas_Planet_E.mat
  artifactKey: Guid(da6784313816aa243b35deb687910787) Importer(815301076,1909f56bfc062723c751e8b465ee728b)
Start importing Assets/Vast Outer Space/Materials/Gas_Planet_E.mat using Guid(da6784313816aa243b35deb687910787) Importer(815301076,1909f56bfc062723c751e8b465ee728b)  -> (artifact id: 'c76ecc104eff9b595efdc889d3224037') in 0.016469 seconds 
========================================================================
Received Import Request.
  Time since last request: 0.000075 seconds.
  path: Assets/Vast Outer Space/Materials/Gas_Planet_I.mat
  artifactKey: Guid(7642c98d15b07b045ba1a8bdfe5cff5f) Importer(815301076,1909f56bfc062723c751e8b465ee728b)
Start importing Assets/Vast Outer Space/Materials/Gas_Planet_I.mat using Guid(7642c98d15b07b045ba1a8bdfe5cff5f) Importer(815301076,1909f56bfc062723c751e8b465ee728b)  -> (artifact id: '086492d7bfb15bfe345bbe50142684e7') in 0.033331 seconds 
========================================================================
Received Import Request.
  Time since last request: 0.000065 seconds.
  path: Assets/Vast Outer Space/Materials/Gas_Planet_L.mat
  artifactKey: Guid(db7f9a3a38264f94d9e18f00b7e379ac) Importer(815301076,1909f56bfc062723c751e8b465ee728b)
Start importing Assets/Vast Outer Space/Materials/Gas_Planet_L.mat using Guid(db7f9a3a38264f94d9e18f00b7e379ac) Importer(815301076,1909f56bfc062723c751e8b465ee728b)  -> (artifact id: 'a3f52cadb4bc9354377801a1cce968b4') in 0.023005 seconds 
========================================================================
Received Import Request.
  Time since last request: 0.000094 seconds.
  path: Assets/Vast Outer Space/Materials/Nebula_B.mat
  artifactKey: Guid(8372ab378bad2034ea1592f49445109f) Importer(815301076,1909f56bfc062723c751e8b465ee728b)
Start importing Assets/Vast Outer Space/Materials/Nebula_B.mat using Guid(8372ab378bad2034ea1592f49445109f) Importer(815301076,1909f56bfc062723c751e8b465ee728b)  -> (artifact id: '47757b7db54511ecf32ac38f8771d9fc') in 0.085788 seconds 
========================================================================
Received Import Request.
  Time since last request: 0.000118 seconds.
  path: Assets/Vast Outer Space/Materials/Asteroid_F.mat
  artifactKey: Guid(cd7d216b7c1e38144b2a126602471ce9) Importer(815301076,1909f56bfc062723c751e8b465ee728b)
Start importing Assets/Vast Outer Space/Materials/Asteroid_F.mat using Guid(cd7d216b7c1e38144b2a126602471ce9) Importer(815301076,1909f56bfc062723c751e8b465ee728b)  -> (artifact id: '33786c052eb74e68956ccac77dfde46c') in 0.022355 seconds 
========================================================================
Received Import Request.
  Time since last request: 0.000058 seconds.
  path: Assets/Vast Outer Space/Materials/Galaxy_G.mat
  artifactKey: Guid(26be6bec8c884734ba1d14489b4d307f) Importer(815301076,1909f56bfc062723c751e8b465ee728b)
Start importing Assets/Vast Outer Space/Materials/Galaxy_G.mat using Guid(26be6bec8c884734ba1d14489b4d307f) Importer(815301076,1909f56bfc062723c751e8b465ee728b)  -> (artifact id: 'ac4ed3687b6cfc3b13960bf1f74d1d58') in 0.021291 seconds 
========================================================================
Received Import Request.
  Time since last request: 0.000081 seconds.
  path: Assets/Vast Outer Space/Materials/Galaxy_K.mat
  artifactKey: Guid(272e34df9fd985b45912c5aede7d17f9) Importer(815301076,1909f56bfc062723c751e8b465ee728b)
Start importing Assets/Vast Outer Space/Materials/Galaxy_K.mat using Guid(272e34df9fd985b45912c5aede7d17f9) Importer(815301076,1909f56bfc062723c751e8b465ee728b)  -> (artifact id: '67e4b26fc27afd49f26818bf0ead75bb') in 0.019366 seconds 
========================================================================
Received Import Request.
  Time since last request: 0.000052 seconds.
  path: Assets/Vast Outer Space/Materials/Gas_Planet_D.mat
  artifactKey: Guid(3818510e02d7b90408301ebdd3f28488) Importer(815301076,1909f56bfc062723c751e8b465ee728b)
Start importing Assets/Vast Outer Space/Materials/Gas_Planet_D.mat using Guid(3818510e02d7b90408301ebdd3f28488) Importer(815301076,1909f56bfc062723c751e8b465ee728b)  -> (artifact id: '551b4458486c5930fb72b54b50f84f45') in 0.018077 seconds 
========================================================================
Received Import Request.
  Time since last request: 0.000092 seconds.
  path: Assets/Vast Outer Space/Materials/Galaxy_I.mat
  artifactKey: Guid(8e8394f7c673979468b8f97e291ca0d9) Importer(815301076,1909f56bfc062723c751e8b465ee728b)
Start importing Assets/Vast Outer Space/Materials/Galaxy_I.mat using Guid(8e8394f7c673979468b8f97e291ca0d9) Importer(815301076,1909f56bfc062723c751e8b465ee728b)  -> (artifact id: '585ec958e1fc23cde872159697013d30') in 0.016909 seconds 
========================================================================
Received Import Request.
  Time since last request: 0.000087 seconds.
  path: Assets/Vast Outer Space/Materials/Nebula_BC.mat
  artifactKey: Guid(6c1279529f793dd438c096bd8a459cde) Importer(815301076,1909f56bfc062723c751e8b465ee728b)
Start importing Assets/Vast Outer Space/Materials/Nebula_BC.mat using Guid(6c1279529f793dd438c096bd8a459cde) Importer(815301076,1909f56bfc062723c751e8b465ee728b)  -> (artifact id: 'c602d4034b1285349f58c2bad2050c9c') in 0.017648 seconds 
========================================================================
Received Import Request.
  Time since last request: 0.000070 seconds.
  path: Assets/Vast Outer Space/Materials/Galaxy_B.mat
  artifactKey: Guid(f1a99c9e45c32fc4ca47754db4d192c8) Importer(815301076,1909f56bfc062723c751e8b465ee728b)
Start importing Assets/Vast Outer Space/Materials/Galaxy_B.mat using Guid(f1a99c9e45c32fc4ca47754db4d192c8) Importer(815301076,1909f56bfc062723c751e8b465ee728b)  -> (artifact id: 'f62266df6291b63e8a051f10236d4f4c') in 0.015675 seconds 
========================================================================
Received Import Request.
  Time since last request: 0.000097 seconds.
  path: Assets/Vast Outer Space/Materials/Asteroid_D.mat
  artifactKey: Guid(535a9a8f731dfd544b3bfd12756e002f) Importer(815301076,1909f56bfc062723c751e8b465ee728b)
Start importing Assets/Vast Outer Space/Materials/Asteroid_D.mat using Guid(535a9a8f731dfd544b3bfd12756e002f) Importer(815301076,1909f56bfc062723c751e8b465ee728b)  -> (artifact id: '3d058d33709380bc63c7b53ad87a76cd') in 0.024328 seconds 
========================================================================
Received Import Request.
  Time since last request: 0.000068 seconds.
  path: Assets/Vast Outer Space/Materials/Nebula_AB.mat
  artifactKey: Guid(a9ea00f1dc5c3174b8bdac84d6295f4c) Importer(815301076,1909f56bfc062723c751e8b465ee728b)
Start importing Assets/Vast Outer Space/Materials/Nebula_AB.mat using Guid(a9ea00f1dc5c3174b8bdac84d6295f4c) Importer(815301076,1909f56bfc062723c751e8b465ee728b)  -> (artifact id: 'fea116ec3577e6b8b1238dfd33079f43') in 0.028644 seconds 
========================================================================
Received Import Request.
  Time since last request: 0.000064 seconds.
  path: Assets/Vast Outer Space/Materials/Galaxy_C.mat
  artifactKey: Guid(d183597259be88c40831b9caa4fc2f5b) Importer(815301076,1909f56bfc062723c751e8b465ee728b)
Start importing Assets/Vast Outer Space/Materials/Galaxy_C.mat using Guid(d183597259be88c40831b9caa4fc2f5b) Importer(815301076,1909f56bfc062723c751e8b465ee728b)  -> (artifact id: '7a6ed89abf6c5da679b11a4bc4dbcbba') in 0.029107 seconds 
========================================================================
Received Import Request.
  Time since last request: 0.529673 seconds.
  path: Assets/Vast Outer Space/Materials/Nebula_BCD.mat
  artifactKey: Guid(336ee98b1a637f148a8868aa347b1910) Importer(815301076,1909f56bfc062723c751e8b465ee728b)
Start importing Assets/Vast Outer Space/Materials/Nebula_BCD.mat using Guid(336ee98b1a637f148a8868aa347b1910) Importer(815301076,1909f56bfc062723c751e8b465ee728b)  -> (artifact id: '6b9ba35f4ca8571c6ea9439eb6338cc2') in 0.019173 seconds 
========================================================================
Received Import Request.
  Time since last request: 0.000061 seconds.
  path: Assets/Vast Outer Space/Materials/Nebula_D.mat
  artifactKey: Guid(d3caa4e356bfbc94fbe8823e9914b1a4) Importer(815301076,1909f56bfc062723c751e8b465ee728b)
Start importing Assets/Vast Outer Space/Materials/Nebula_D.mat using Guid(d3caa4e356bfbc94fbe8823e9914b1a4) Importer(815301076,1909f56bfc062723c751e8b465ee728b)  -> (artifact id: 'bdc786c62f3a01221bf16d730374f0fd') in 0.029831 seconds 
========================================================================
Received Import Request.
  Time since last request: 0.000100 seconds.
  path: Assets/Vast Outer Space/Materials/Nebula_DE.mat
  artifactKey: Guid(02695f652946c7e47894bac87ea63a18) Importer(815301076,1909f56bfc062723c751e8b465ee728b)
Start importing Assets/Vast Outer Space/Materials/Nebula_DE.mat using Guid(02695f652946c7e47894bac87ea63a18) Importer(815301076,1909f56bfc062723c751e8b465ee728b)  -> (artifact id: '2af67d3a88bc4090cc26b224156086cc') in 0.018866 seconds 
========================================================================
Received Import Request.
  Time since last request: 0.000110 seconds.
  path: Assets/Vast Outer Space/Materials/Nebula_CD.mat
  artifactKey: Guid(a316b58204968be4c9cb938d085070af) Importer(815301076,1909f56bfc062723c751e8b465ee728b)
Start importing Assets/Vast Outer Space/Materials/Nebula_CD.mat using Guid(a316b58204968be4c9cb938d085070af) Importer(815301076,1909f56bfc062723c751e8b465ee728b)  -> (artifact id: 'ff6528f8310df99f82e4c2f75bb9c70c') in 0.017848 seconds 
========================================================================
Received Import Request.
  Time since last request: 0.434068 seconds.
  path: Assets/Vast Outer Space/Materials/Nebula_F.mat
  artifactKey: Guid(ef53862a251c3ad4d95b2b376608ee3f) Importer(815301076,1909f56bfc062723c751e8b465ee728b)
Start importing Assets/Vast Outer Space/Materials/Nebula_F.mat using Guid(ef53862a251c3ad4d95b2b376608ee3f) Importer(815301076,1909f56bfc062723c751e8b465ee728b)  -> (artifact id: '363e09a3c1936e115693c90c496f8aa6') in 0.018965 seconds 
========================================================================
Received Import Request.
  Time since last request: 0.278746 seconds.
  path: Assets/Vast Outer Space/Materials/Planet_C.mat
  artifactKey: Guid(227fe757800b19d4ba54a32c02b0ad92) Importer(815301076,1909f56bfc062723c751e8b465ee728b)
Start importing Assets/Vast Outer Space/Materials/Planet_C.mat using Guid(227fe757800b19d4ba54a32c02b0ad92) Importer(815301076,1909f56bfc062723c751e8b465ee728b)  -> (artifact id: 'eca34cc0f9903d495df93ce1d2d39ca2') in 0.352137 seconds 
========================================================================
Received Import Request.
  Time since last request: 0.000068 seconds.
  path: Assets/Vast Outer Space/Materials/Sun.mat
  artifactKey: Guid(7e8139552baf796498fde26cbcec5419) Importer(815301076,1909f56bfc062723c751e8b465ee728b)
Start importing Assets/Vast Outer Space/Materials/Sun.mat using Guid(7e8139552baf796498fde26cbcec5419) Importer(815301076,1909f56bfc062723c751e8b465ee728b)  -> (artifact id: 'fc5742fd7adb9cae9adf6a51e71096c9') in 0.029321 seconds 
========================================================================
Received Import Request.
  Time since last request: 0.000086 seconds.
  path: Assets/Vast Outer Space/Materials/Planet_Ring_A2.mat
  artifactKey: Guid(ff38502db2731c14d99c7bc0fc2c19cd) Importer(815301076,1909f56bfc062723c751e8b465ee728b)
Start importing Assets/Vast Outer Space/Materials/Planet_Ring_A2.mat using Guid(ff38502db2731c14d99c7bc0fc2c19cd) Importer(815301076,1909f56bfc062723c751e8b465ee728b)  -> (artifact id: 'f435c79558d659baf19cb64f2159015c') in 0.030074 seconds 
========================================================================
Received Import Request.
  Time since last request: 0.000067 seconds.
  path: Assets/Vast Outer Space/Materials/Planet_Ring_A1.mat
  artifactKey: Guid(c5864572449bb814a81fceae75565277) Importer(815301076,1909f56bfc062723c751e8b465ee728b)
Start importing Assets/Vast Outer Space/Materials/Planet_Ring_A1.mat using Guid(c5864572449bb814a81fceae75565277) Importer(815301076,1909f56bfc062723c751e8b465ee728b)  -> (artifact id: '743980afa623988e4deb5b6fa6b094ce') in 0.015973 seconds 
========================================================================
Received Import Request.
  Time since last request: 0.000076 seconds.
  path: Assets/Vast Outer Space/Materials/Planet_Ring_C1.mat
  artifactKey: Guid(8b5dd3f3fb6a87941a9e1262bbb3f521) Importer(815301076,1909f56bfc062723c751e8b465ee728b)
Start importing Assets/Vast Outer Space/Materials/Planet_Ring_C1.mat using Guid(8b5dd3f3fb6a87941a9e1262bbb3f521) Importer(815301076,1909f56bfc062723c751e8b465ee728b)  -> (artifact id: 'f83c5865b223ee0f58c36795916e3be7') in 0.021341 seconds 
========================================================================
Received Import Request.
  Time since last request: 0.000069 seconds.
  path: Assets/Vast Outer Space/Materials/Planet_L.mat
  artifactKey: Guid(3046e35b31a039f4f925e8ca5fadd9c6) Importer(815301076,1909f56bfc062723c751e8b465ee728b)
Start importing Assets/Vast Outer Space/Materials/Planet_L.mat using Guid(3046e35b31a039f4f925e8ca5fadd9c6) Importer(815301076,1909f56bfc062723c751e8b465ee728b)  -> (artifact id: '8fab51971608e9685db6eec5504680cf') in 0.017778 seconds 
========================================================================
Received Import Request.
  Time since last request: 0.000059 seconds.
  path: Assets/Vast Outer Space/Materials/Star_Light_Blue.mat
  artifactKey: Guid(42addd1b32355f94faec6b525df89616) Importer(815301076,1909f56bfc062723c751e8b465ee728b)
Start importing Assets/Vast Outer Space/Materials/Star_Light_Blue.mat using Guid(42addd1b32355f94faec6b525df89616) Importer(815301076,1909f56bfc062723c751e8b465ee728b)  -> (artifact id: '8a85a2cc8ab216debda8added75b97d8') in 0.074740 seconds 
========================================================================
Received Import Request.
  Time since last request: 0.000078 seconds.
  path: Assets/Vast Outer Space/Materials/Skybox_G.mat
  artifactKey: Guid(63a2bc1bc01158c43bdf706d5ae2d888) Importer(815301076,1909f56bfc062723c751e8b465ee728b)
Start importing Assets/Vast Outer Space/Materials/Skybox_G.mat using Guid(63a2bc1bc01158c43bdf706d5ae2d888) Importer(815301076,1909f56bfc062723c751e8b465ee728b)  -> (artifact id: '7bf6f48f8dc5d0473edf856cae3c0329') in 0.425878 seconds 
========================================================================
Received Import Request.
  Time since last request: 0.000076 seconds.
  path: Assets/Vast Outer Space/Materials/Skybox_F.mat
  artifactKey: Guid(9b3da7ecb15ebef4b92a96eebe9da1da) Importer(815301076,1909f56bfc062723c751e8b465ee728b)
Start importing Assets/Vast Outer Space/Materials/Skybox_F.mat using Guid(9b3da7ecb15ebef4b92a96eebe9da1da) Importer(815301076,1909f56bfc062723c751e8b465ee728b)  -> (artifact id: '0517faf20eeddbbad1a54cd23f992bca') in 0.030199 seconds 
========================================================================
Received Import Request.
  Time since last request: 0.000110 seconds.
  path: Assets/Vast Outer Space/Materials/Skybox_E.mat
  artifactKey: Guid(846afa41657c9fa42a3b4d4882a09989) Importer(815301076,1909f56bfc062723c751e8b465ee728b)
Start importing Assets/Vast Outer Space/Materials/Skybox_E.mat using Guid(846afa41657c9fa42a3b4d4882a09989) Importer(815301076,1909f56bfc062723c751e8b465ee728b)  -> (artifact id: '2ef556aa9bb881777b72de81360b01df') in 0.018592 seconds 
========================================================================
Received Import Request.
  Time since last request: 0.000100 seconds.
  path: Assets/Vast Outer Space/Materials/Skybox_A.mat
  artifactKey: Guid(89ed994de3786cd4a8c3093c2574ae20) Importer(815301076,1909f56bfc062723c751e8b465ee728b)
Start importing Assets/Vast Outer Space/Materials/Skybox_A.mat using Guid(89ed994de3786cd4a8c3093c2574ae20) Importer(815301076,1909f56bfc062723c751e8b465ee728b)  -> (artifact id: 'be9738cf0878c8e2ec11b6e2f46aee5b') in 0.020259 seconds 
========================================================================
Received Import Request.
  Time since last request: 0.000112 seconds.
  path: Assets/Vast Outer Space/Materials/Star_Dark_Blue.mat
  artifactKey: Guid(0090392960c4a5f4b863690f512832c8) Importer(815301076,1909f56bfc062723c751e8b465ee728b)
Start importing Assets/Vast Outer Space/Materials/Star_Dark_Blue.mat using Guid(0090392960c4a5f4b863690f512832c8) Importer(815301076,1909f56bfc062723c751e8b465ee728b)  -> (artifact id: '478ec595f8e9410118ae40b4aa5b5a63') in 0.013920 seconds 
========================================================================
Received Import Request.
  Time since last request: 0.000167 seconds.
  path: Assets/Vast Outer Space/Materials/Star_Green.mat
  artifactKey: Guid(85fc64bac983097448df2ffb0517a2a8) Importer(815301076,1909f56bfc062723c751e8b465ee728b)
Start importing Assets/Vast Outer Space/Materials/Star_Green.mat using Guid(85fc64bac983097448df2ffb0517a2a8) Importer(815301076,1909f56bfc062723c751e8b465ee728b)  -> (artifact id: 'd452d30888438aa6c79447a73c8f52ce') in 0.015273 seconds 
========================================================================
Received Import Request.
  Time since last request: 0.000059 seconds.
  path: Assets/Vast Outer Space/Materials/Skybox_B.mat
  artifactKey: Guid(b6cca299120e7b64286a9608a92754cc) Importer(815301076,1909f56bfc062723c751e8b465ee728b)
Start importing Assets/Vast Outer Space/Materials/Skybox_B.mat using Guid(b6cca299120e7b64286a9608a92754cc) Importer(815301076,1909f56bfc062723c751e8b465ee728b)  -> (artifact id: '4fd3956a31f33a36a1a35c4b07af52eb') in 0.020719 seconds 
========================================================================
Received Import Request.
  Time since last request: 0.000118 seconds.
  path: Assets/Vast Outer Space/Materials/Star_Turquoise.mat
  artifactKey: Guid(c4dc2730d56ba6f4886055284a64ffe5) Importer(815301076,1909f56bfc062723c751e8b465ee728b)
Start importing Assets/Vast Outer Space/Materials/Star_Turquoise.mat using Guid(c4dc2730d56ba6f4886055284a64ffe5) Importer(815301076,1909f56bfc062723c751e8b465ee728b)  -> (artifact id: 'e1662c6373604f5ffee7c7714f0e5aae') in 0.016015 seconds 
========================================================================
Received Import Request.
  Time since last request: 0.000055 seconds.
  path: Assets/Vast Outer Space/Materials/Star_White.mat
  artifactKey: Guid(b9ff41e40ef08194494509ffbe8a4d8b) Importer(815301076,1909f56bfc062723c751e8b465ee728b)
Start importing Assets/Vast Outer Space/Materials/Star_White.mat using Guid(b9ff41e40ef08194494509ffbe8a4d8b) Importer(815301076,1909f56bfc062723c751e8b465ee728b)  -> (artifact id: '619fddcfc8990f86987ad38a8e3a4356') in 0.017927 seconds 
========================================================================
Received Import Request.
  Time since last request: 0.000100 seconds.
  path: Assets/Vast Outer Space/Materials/Skybox_D.mat
  artifactKey: Guid(7162bad71d0d2d5459119b5063685587) Importer(815301076,1909f56bfc062723c751e8b465ee728b)
Start importing Assets/Vast Outer Space/Materials/Skybox_D.mat using Guid(7162bad71d0d2d5459119b5063685587) Importer(815301076,1909f56bfc062723c751e8b465ee728b)  -> (artifact id: '81d1f01d72a1d2dfd1a20e84c1c36bb1') in 0.017942 seconds 
========================================================================
Received Import Request.
  Time since last request: 0.000067 seconds.
  path: Assets/Vast Outer Space/Materials/Planet_H.mat
  artifactKey: Guid(7840ae30f946cfd43a5b57eafeea16b7) Importer(815301076,1909f56bfc062723c751e8b465ee728b)
Start importing Assets/Vast Outer Space/Materials/Planet_H.mat using Guid(7840ae30f946cfd43a5b57eafeea16b7) Importer(815301076,1909f56bfc062723c751e8b465ee728b)  -> (artifact id: 'd843ed414be2857dd998ae3c288c8858') in 0.020514 seconds 
========================================================================
Received Import Request.
  Time since last request: 0.000081 seconds.
  path: Assets/Vast Outer Space/Materials/Planet_Ring_E1.mat
  artifactKey: Guid(765a6983b192dd64b99739ca4de299d0) Importer(815301076,1909f56bfc062723c751e8b465ee728b)
Start importing Assets/Vast Outer Space/Materials/Planet_Ring_E1.mat using Guid(765a6983b192dd64b99739ca4de299d0) Importer(815301076,1909f56bfc062723c751e8b465ee728b)  -> (artifact id: '7dfcc089db72a4bddb1e50ae087c2f23') in 0.016691 seconds 
========================================================================
Received Import Request.
  Time since last request: 0.000083 seconds.
  path: Assets/Vast Outer Space/Materials/Star_Pink.mat
  artifactKey: Guid(2314828d16c3a43469160bcbc61f2a6b) Importer(815301076,1909f56bfc062723c751e8b465ee728b)
Start importing Assets/Vast Outer Space/Materials/Star_Pink.mat using Guid(2314828d16c3a43469160bcbc61f2a6b) Importer(815301076,1909f56bfc062723c751e8b465ee728b)  -> (artifact id: 'b740105f6a6811be2b36eea0482c5059') in 0.014700 seconds 
========================================================================
Received Import Request.
  Time since last request: 0.000063 seconds.
  path: Assets/Vast Outer Space/Materials/Planet_F.mat
  artifactKey: Guid(7376562ddb369724a8404759c6ebd94f) Importer(815301076,1909f56bfc062723c751e8b465ee728b)
Start importing Assets/Vast Outer Space/Materials/Planet_F.mat using Guid(7376562ddb369724a8404759c6ebd94f) Importer(815301076,1909f56bfc062723c751e8b465ee728b)  -> (artifact id: '296a1444a419f80113fdff204c2b885e') in 0.021304 seconds 
========================================================================
Received Import Request.
  Time since last request: 22.855143 seconds.
  path: Assets/Vast Outer Space/Textures/Asteroid_A.png
  artifactKey: Guid(67f12b7e625898645a875fc7db252ca3) Importer(815301076,1909f56bfc062723c751e8b465ee728b)
Start importing Assets/Vast Outer Space/Textures/Asteroid_A.png using Guid(67f12b7e625898645a875fc7db252ca3) Importer(815301076,1909f56bfc062723c751e8b465ee728b)  -> (artifact id: '1531de4f58ebab523aeac8c3b1bcf027') in 0.849371 seconds 
========================================================================
Received Import Request.
  Time since last request: 0.000200 seconds.
  path: Assets/Vast Outer Space/Textures/Asteroid_H.png
  artifactKey: Guid(8c72210786f22a946a47916d738da076) Importer(815301076,1909f56bfc062723c751e8b465ee728b)
Start importing Assets/Vast Outer Space/Textures/Asteroid_H.png using Guid(8c72210786f22a946a47916d738da076) Importer(815301076,1909f56bfc062723c751e8b465ee728b)  -> (artifact id: '64ba843d26c642e2da332c1f88fa650e') in 0.035840 seconds 
========================================================================
Received Import Request.
  Time since last request: 0.000093 seconds.
  path: Assets/Vast Outer Space/Textures/Nebula_B.png
  artifactKey: Guid(1621fc1a218304a44a7a92b8d9e7edf1) Importer(815301076,1909f56bfc062723c751e8b465ee728b)
Start importing Assets/Vast Outer Space/Textures/Nebula_B.png using Guid(1621fc1a218304a44a7a92b8d9e7edf1) Importer(815301076,1909f56bfc062723c751e8b465ee728b)  -> (artifact id: '38218b2129f110bd3a5f33173197b481') in 0.015242 seconds 
========================================================================
Received Import Request.
  Time since last request: 0.000076 seconds.
  path: Assets/Vast Outer Space/Textures/Galaxy_K.png
  artifactKey: Guid(cba81bd39648a1c4386766c4961c32c4) Importer(815301076,1909f56bfc062723c751e8b465ee728b)
Start importing Assets/Vast Outer Space/Textures/Galaxy_K.png using Guid(cba81bd39648a1c4386766c4961c32c4) Importer(815301076,1909f56bfc062723c751e8b465ee728b)  -> (artifact id: 'cfc7ba5035069422f6b9b6c3732a0080') in 0.017907 seconds 
========================================================================
Received Import Request.
  Time since last request: 0.000077 seconds.
  path: Assets/Vast Outer Space/Textures/Gas_Planet_C.png
  artifactKey: Guid(1565625ac6ab8024e846f1772d83e6b1) Importer(815301076,1909f56bfc062723c751e8b465ee728b)
Start importing Assets/Vast Outer Space/Textures/Gas_Planet_C.png using Guid(1565625ac6ab8024e846f1772d83e6b1) Importer(815301076,1909f56bfc062723c751e8b465ee728b)  -> (artifact id: 'e08da787fb6b6a5d69cf79ffc214d6f6') in 0.014317 seconds 
========================================================================
Received Import Request.
  Time since last request: 0.000127 seconds.
  path: Assets/Vast Outer Space/Textures/Galaxy_D.png
  artifactKey: Guid(6b1e93bafab15fe498d5e64edc3920a7) Importer(815301076,1909f56bfc062723c751e8b465ee728b)
Start importing Assets/Vast Outer Space/Textures/Galaxy_D.png using Guid(6b1e93bafab15fe498d5e64edc3920a7) Importer(815301076,1909f56bfc062723c751e8b465ee728b)  -> (artifact id: 'd85f813468eebedcbaf03d9bb72e93c7') in 0.013382 seconds 
========================================================================
Received Import Request.
  Time since last request: 0.000115 seconds.
  path: Assets/Vast Outer Space/Textures/Asteroid_C.png
  artifactKey: Guid(f2458c1aeb59f0549a39ea52b8bb6ea8) Importer(815301076,1909f56bfc062723c751e8b465ee728b)
Start importing Assets/Vast Outer Space/Textures/Asteroid_C.png using Guid(f2458c1aeb59f0549a39ea52b8bb6ea8) Importer(815301076,1909f56bfc062723c751e8b465ee728b)  -> (artifact id: '7178aa1bde40b6472c947993ea4daa23') in 0.015282 seconds 
========================================================================
Received Import Request.
  Time since last request: 0.000093 seconds.
  path: Assets/Vast Outer Space/Textures/Galaxy_G.png
  artifactKey: Guid(7bff280d954c7c043b6bbab46ca1a28b) Importer(815301076,1909f56bfc062723c751e8b465ee728b)
Start importing Assets/Vast Outer Space/Textures/Galaxy_G.png using Guid(7bff280d954c7c043b6bbab46ca1a28b) Importer(815301076,1909f56bfc062723c751e8b465ee728b)  -> (artifact id: 'e7a5e095230e2b8266672fa6ec04acc1') in 0.015168 seconds 
========================================================================
Received Import Request.
  Time since last request: 0.000081 seconds.
  path: Assets/Vast Outer Space/Textures/Asteroid_NRM.png
  artifactKey: Guid(512dabead90b2d94685e33e58c125008) Importer(815301076,1909f56bfc062723c751e8b465ee728b)
Start importing Assets/Vast Outer Space/Textures/Asteroid_NRM.png using Guid(512dabead90b2d94685e33e58c125008) Importer(815301076,1909f56bfc062723c751e8b465ee728b)  -> (artifact id: '2501bf9743d2767c2a2db19fe852f8fa') in 0.097383 seconds 
========================================================================
Received Import Request.
  Time since last request: 0.000146 seconds.
  path: Assets/Vast Outer Space/Textures/Asteroid_E.png
  artifactKey: Guid(f8630c3c7060e4b4db685faeaf6cc301) Importer(815301076,1909f56bfc062723c751e8b465ee728b)
Start importing Assets/Vast Outer Space/Textures/Asteroid_E.png using Guid(f8630c3c7060e4b4db685faeaf6cc301) Importer(815301076,1909f56bfc062723c751e8b465ee728b)  -> (artifact id: '32adf8e4f97c256112f5162279f8639b') in 0.017861 seconds 
========================================================================
Received Import Request.
  Time since last request: 0.000095 seconds.
  path: Assets/Vast Outer Space/Textures/Nebula_BC.png
  artifactKey: Guid(bb35437e501be0f4ab08109646fbb76a) Importer(815301076,1909f56bfc062723c751e8b465ee728b)
Start importing Assets/Vast Outer Space/Textures/Nebula_BC.png using Guid(bb35437e501be0f4ab08109646fbb76a) Importer(815301076,1909f56bfc062723c751e8b465ee728b)  -> (artifact id: 'bdfedc473da3903d9a61def7f8cb85ae') in 0.015293 seconds 
========================================================================
Received Import Request.
  Time since last request: 0.000108 seconds.
  path: Assets/Vast Outer Space/Textures/Gas_Planet_J.png
  artifactKey: Guid(a03a8ff3527d995488a1136f29258b6f) Importer(815301076,1909f56bfc062723c751e8b465ee728b)
Start importing Assets/Vast Outer Space/Textures/Gas_Planet_J.png using Guid(a03a8ff3527d995488a1136f29258b6f) Importer(815301076,1909f56bfc062723c751e8b465ee728b)  -> (artifact id: 'ca2e6377864e85d4792410cb96ef9e5d') in 0.019120 seconds 
========================================================================
Received Import Request.
  Time since last request: 0.000095 seconds.
  path: Assets/Vast Outer Space/Textures/Gas_Planet_L.png
  artifactKey: Guid(1f97e306bb462814e8bbb2a607161fcc) Importer(815301076,1909f56bfc062723c751e8b465ee728b)
Start importing Assets/Vast Outer Space/Textures/Gas_Planet_L.png using Guid(1f97e306bb462814e8bbb2a607161fcc) Importer(815301076,1909f56bfc062723c751e8b465ee728b)  -> (artifact id: 'd5543464234ec4f2d783f0ac352e89d0') in 0.016550 seconds 
========================================================================
Received Import Request.
  Time since last request: 0.000109 seconds.
  path: Assets/Vast Outer Space/Textures/Gas_Planet_A.png
  artifactKey: Guid(49d50c53f237ab340b5529ea2bae8059) Importer(815301076,1909f56bfc062723c751e8b465ee728b)
Start importing Assets/Vast Outer Space/Textures/Gas_Planet_A.png using Guid(49d50c53f237ab340b5529ea2bae8059) Importer(815301076,1909f56bfc062723c751e8b465ee728b)  -> (artifact id: 'ae70e5791f551c33af7160b23d80f70e') in 0.016653 seconds 
========================================================================
Received Import Request.
  Time since last request: 0.000113 seconds.
  path: Assets/Vast Outer Space/Textures/Gas_Planet_E.png
  artifactKey: Guid(c7328396c96ac0f419f454dfbbb63780) Importer(815301076,1909f56bfc062723c751e8b465ee728b)
Start importing Assets/Vast Outer Space/Textures/Gas_Planet_E.png using Guid(c7328396c96ac0f419f454dfbbb63780) Importer(815301076,1909f56bfc062723c751e8b465ee728b)  -> (artifact id: 'cffc2a030cdee1e7329aa04939fc3184') in 0.018680 seconds 
========================================================================
Received Import Request.
  Time since last request: 0.000099 seconds.
  path: Assets/Vast Outer Space/Textures/Asteroid_F.png
  artifactKey: Guid(699ad03760b78da4b9e3ba5c459972f9) Importer(815301076,1909f56bfc062723c751e8b465ee728b)
Start importing Assets/Vast Outer Space/Textures/Asteroid_F.png using Guid(699ad03760b78da4b9e3ba5c459972f9) Importer(815301076,1909f56bfc062723c751e8b465ee728b)  -> (artifact id: 'be024fb69c5f1362854766408b85ad26') in 0.025903 seconds 
========================================================================
Received Import Request.
  Time since last request: 0.000164 seconds.
  path: Assets/Vast Outer Space/Textures/Gas_Planet_B.png
  artifactKey: Guid(e23cfc7a4d1291e45a2286199962a3fb) Importer(815301076,1909f56bfc062723c751e8b465ee728b)
Start importing Assets/Vast Outer Space/Textures/Gas_Planet_B.png using Guid(e23cfc7a4d1291e45a2286199962a3fb) Importer(815301076,1909f56bfc062723c751e8b465ee728b)  -> (artifact id: 'eede5471e61e18f27337ddf3fb7825b1') in 0.020850 seconds 
========================================================================
Received Import Request.
  Time since last request: 0.000170 seconds.
  path: Assets/Vast Outer Space/Textures/Gas_Planet_F.png
  artifactKey: Guid(3b1a5df708b57ca4781302a7dcca388c) Importer(815301076,1909f56bfc062723c751e8b465ee728b)
Start importing Assets/Vast Outer Space/Textures/Gas_Planet_F.png using Guid(3b1a5df708b57ca4781302a7dcca388c) Importer(815301076,1909f56bfc062723c751e8b465ee728b)  -> (artifact id: '761970a6f5c935dccc83fac24490c08e') in 0.019305 seconds 
========================================================================
Received Import Request.
  Time since last request: 995.697019 seconds.
  path: Assets/Vast Outer Space/Prefabs/Asteroids
  artifactKey: Guid(70b1c4203be17422c94eb96dca0b0ef3) Importer(815301076,1909f56bfc062723c751e8b465ee728b)
Start importing Assets/Vast Outer Space/Prefabs/Asteroids using Guid(70b1c4203be17422c94eb96dca0b0ef3) Importer(815301076,1909f56bfc062723c751e8b465ee728b)  -> (artifact id: '2019021f2ebf9d4be3830f4a840c2a47') in 0.008388 seconds 
========================================================================
Received Import Request.
  Time since last request: 0.000436 seconds.
  path: Assets/Vast Outer Space/Prefabs/Asteroids/Asteroid_A.prefab
  artifactKey: Guid(ae4427e80dceffe47b5179ce000667cb) Importer(815301076,1909f56bfc062723c751e8b465ee728b)
Start importing Assets/Vast Outer Space/Prefabs/Asteroids/Asteroid_A.prefab using Guid(ae4427e80dceffe47b5179ce000667cb) Importer(815301076,1909f56bfc062723c751e8b465ee728b)  -> (artifact id: 'fb47bbe4fe43c81214a4f89b2ab09269') in 0.531971 seconds 
========================================================================
Received Import Request.
  Time since last request: 0.000104 seconds.
  path: Assets/Vast Outer Space/Prefabs/Asteroids/Asteroid_E.prefab
  artifactKey: Guid(965a95650c5ae2a48b35aa03ca4a0a31) Importer(815301076,1909f56bfc062723c751e8b465ee728b)
Start importing Assets/Vast Outer Space/Prefabs/Asteroids/Asteroid_E.prefab using Guid(965a95650c5ae2a48b35aa03ca4a0a31) Importer(815301076,1909f56bfc062723c751e8b465ee728b)  -> (artifact id: 'fe49b5ee9b84c15c78f903af778f6d8a') in 0.027285 seconds 
========================================================================
Received Import Request.
  Time since last request: 0.013920 seconds.
  path: Assets/Vast Outer Space/Prefabs/Asteroids/Asteroid_F.prefab
  artifactKey: Guid(72776d15a565f3f499c3d02414de971e) Importer(815301076,1909f56bfc062723c751e8b465ee728b)
Start importing Assets/Vast Outer Space/Prefabs/Asteroids/Asteroid_F.prefab using Guid(72776d15a565f3f499c3d02414de971e) Importer(815301076,1909f56bfc062723c751e8b465ee728b)  -> (artifact id: '816474e33fb528dd379ac8b94440cf9b') in 0.051506 seconds 
========================================================================
Received Import Request.
  Time since last request: 0.006918 seconds.
  path: Assets/Vast Outer Space/Prefabs/Asteroids/Asteroid_C.prefab
  artifactKey: Guid(eeb1c2ea47bc7f04cb234f63e9bbf4dc) Importer(815301076,1909f56bfc062723c751e8b465ee728b)
Start importing Assets/Vast Outer Space/Prefabs/Asteroids/Asteroid_C.prefab using Guid(eeb1c2ea47bc7f04cb234f63e9bbf4dc) Importer(815301076,1909f56bfc062723c751e8b465ee728b)  -> (artifact id: '0dd5b9b2c5e90a913ba5c351e314a1e9') in 0.028757 seconds 
========================================================================
Received Prepare
Registering precompiled user dll's ...
Registered in 0.008053 seconds.
Begin MonoManager ReloadAssembly
Symbol file LoadedFromMemory doesn't match image /Users/sukanyachopra/Desktop/Multiverse-4/Multi-4/Library/PackageCache/com.unity.visualscripting@1.7.8/Editor/VisualScripting.Core/Dependencies/YamlDotNet/Unity.VisualScripting.YamlDotNet.dll
Symbol file LoadedFromMemory doesn't match image /Users/sukanyachopra/Desktop/Multiverse-4/Multi-4/Library/PackageCache/com.unity.visualscripting@1.7.8/Editor/VisualScripting.Core/Dependencies/DotNetZip/Unity.VisualScripting.IonicZip.dll
Native extension for OSXStandalone target not found
Native extension for WebGL target not found
Refreshing native plugins compatible for Editor in 2.42 ms, found 2 plugins.
Preloading 0 native plugins for Editor in 0.00 ms.
Mono: successfully reloaded assembly
- Completed reload, in  6.421 seconds
Domain Reload Profiling:
	ReloadAssembly (6430ms)
		BeginReloadAssembly (1105ms)
			ExecutionOrderSort (0ms)
			DisableScriptedObjects (89ms)
			BackupInstance (0ms)
			ReleaseScriptingObjects (0ms)
			CreateAndSetChildDomain (440ms)
		EndReloadAssembly (4900ms)
			LoadAssemblies (446ms)
			RebuildTransferFunctionScriptingTraits (1ms)
			SetupTypeCache (999ms)
			ReleaseScriptCaches (20ms)
			RebuildScriptCaches (120ms)
			SetupLoadedEditorAssemblies (2903ms)
				LogAssemblyErrors (0ms)
				InitializePlatformSupportModulesInManaged (92ms)
				SetLoadedEditorAssemblies (4ms)
				RefreshPlugins (3ms)
				BeforeProcessingInitializeOnLoad (274ms)
				ProcessInitializeOnLoadAttributes (2207ms)
				ProcessInitializeOnLoadMethodAttributes (320ms)
				AfterProcessingInitializeOnLoad (2ms)
				EditorAssembliesLoaded (1ms)
			ExecutionOrderSort2 (0ms)
			AwakeInstancesAfterBackupRestoration (30ms)
Platform modules already initialized, skipping
Refreshing native plugins compatible for Editor in 2.47 ms, found 2 plugins.
Preloading 0 native plugins for Editor in 0.00 ms.
Unloading 3374 Unused Serialized files (Serialized files now loaded: 0)
Unloading 20 unused Assets / (71.1 KB). Loaded Objects now: 3889.
Memory consumption went from 251.9 MB to 251.8 MB.
Total: 8.306875 ms (FindLiveObjects: 0.310750 ms CreateObjectMapping: 0.222375 ms MarkObjects: 7.622875 ms  DeleteObjects: 0.149167 ms)

AssetImportParameters requested are different than current active one (requested -> active):
  custom:video-decoder-ogg-theora: a1e56fd34408186e4bbccfd4996cb3dc -> 
  custom:container-muxer-webm: aa71ff27fc2769a1b78a27578f13a17b -> 
  custom:container-demuxer-webm: 4f35f7cbe854078d1ac9338744f61a02 -> 
  custom:video-encoder-webm-vp8: eb34c28f22e8b96e1ab97ce403110664 -> 
  custom:framework-osx-AVFoundation: e770b220cccbd017edd2c1fefb359320 -> 
  custom:audio-encoder-webm-vorbis: bf7c407c2cedff20999df2af8eb42d56 -> 
  custom:container-demuxer-ogg: 62fdf1f143b41e24485cea50d1cbac27 -> 
  custom:video-decoder-webm-vp8: 9c59270c3fd7afecdb556c50c9e8de78 -> 
  custom:audio-decoder-ogg-vorbis: bf7c407c2cedff20999df2af8eb42d56 -> 
========================================================================
Received Import Request.
  Time since last request: 772.189475 seconds.
  path: Assets/SpaceSkies Free
  artifactKey: Guid(5289aa92ce81b43029498630d858f1cf) Importer(815301076,1909f56bfc062723c751e8b465ee728b)
Start importing Assets/SpaceSkies Free using Guid(5289aa92ce81b43029498630d858f1cf) Importer(815301076,1909f56bfc062723c751e8b465ee728b)  -> (artifact id: '8882d328bbf030fb310869bc7eee7dc8') in 0.029646 seconds 
========================================================================
Received Import Request.
  Time since last request: 3.079037 seconds.
  path: Assets/SpaceSkies Free/Skybox_1
  artifactKey: Guid(9a2b23d02abff604bb3b2c8b76ee104b) Importer(815301076,1909f56bfc062723c751e8b465ee728b)
Start importing Assets/SpaceSkies Free/Skybox_1 using Guid(9a2b23d02abff604bb3b2c8b76ee104b) Importer(815301076,1909f56bfc062723c751e8b465ee728b)  -> (artifact id: '6439533fd7e60121e834f3ff8f60e9c6') in 0.002123 seconds 
========================================================================
Received Import Request.
  Time since last request: 0.051302 seconds.
  path: Assets/SpaceSkies Free/Skybox_1/Pink_1K_Resolution.mat
  artifactKey: Guid(3e8bc5155c4c9ed46a63ac64c06408f3) Importer(815301076,1909f56bfc062723c751e8b465ee728b)
Start importing Assets/SpaceSkies Free/Skybox_1/Pink_1K_Resolution.mat using Guid(3e8bc5155c4c9ed46a63ac64c06408f3) Importer(815301076,1909f56bfc062723c751e8b465ee728b)  -> (artifact id: 'cfb06e13ab208c6c4ea95dd9f96eb763') in 1.348116 seconds 
========================================================================
Received Import Request.
  Time since last request: 2.492640 seconds.
  path: Assets/SpaceSkies Free/Skybox_1/Textures/1K_Resolution/Front_1K_TEX.png
  artifactKey: Guid(94cdbf28af4a2b942b032dd0a5d91221) Importer(815301076,1909f56bfc062723c751e8b465ee728b)
Start importing Assets/SpaceSkies Free/Skybox_1/Textures/1K_Resolution/Front_1K_TEX.png using Guid(94cdbf28af4a2b942b032dd0a5d91221) Importer(815301076,1909f56bfc062723c751e8b465ee728b)  -> (artifact id: 'e3a939ec874fd33327cad6118d759aef') in 0.074828 seconds 
========================================================================
Received Import Request.
  Time since last request: 0.000111 seconds.
  path: Assets/SpaceSkies Free/Skybox_1/Textures/1K_Resolution/Right_1K_TEX.png
  artifactKey: Guid(41f70e70af801c8479aa11cebd1babde) Importer(815301076,1909f56bfc062723c751e8b465ee728b)
Start importing Assets/SpaceSkies Free/Skybox_1/Textures/1K_Resolution/Right_1K_TEX.png using Guid(41f70e70af801c8479aa11cebd1babde) Importer(815301076,1909f56bfc062723c751e8b465ee728b)  -> (artifact id: '15bf6685243365a7e2b40dd15e61a43e') in 0.025458 seconds 
========================================================================
Received Import Request.
  Time since last request: 0.000131 seconds.
  path: Assets/SpaceSkies Free/Skybox_1/Textures/1K_Resolution/Up_1K_TEX.png
  artifactKey: Guid(68fd53fc5d2a60d4faebe6a65d52793f) Importer(815301076,1909f56bfc062723c751e8b465ee728b)
Start importing Assets/SpaceSkies Free/Skybox_1/Textures/1K_Resolution/Up_1K_TEX.png using Guid(68fd53fc5d2a60d4faebe6a65d52793f) Importer(815301076,1909f56bfc062723c751e8b465ee728b)  -> (artifact id: '66057dc25fc16d0f71713a25ba5c8132') in 0.012311 seconds 
========================================================================
Received Import Request.
  Time since last request: 0.000073 seconds.
  path: Assets/SpaceSkies Free/Skybox_1/Textures/1K_Resolution/Down_1K_TEX.png
  artifactKey: Guid(e6304ed6970a3cf4c833dabb80ee8d29) Importer(815301076,1909f56bfc062723c751e8b465ee728b)
Start importing Assets/SpaceSkies Free/Skybox_1/Textures/1K_Resolution/Down_1K_TEX.png using Guid(e6304ed6970a3cf4c833dabb80ee8d29) Importer(815301076,1909f56bfc062723c751e8b465ee728b)  -> (artifact id: '01881f65ddefdc0650c780b62a30f845') in 0.014469 seconds 
========================================================================
Received Import Request.
  Time since last request: 0.000153 seconds.
  path: Assets/SpaceSkies Free/Skybox_1/Textures/1K_Resolution/Left_1K_TEX.png
  artifactKey: Guid(25c03fdd40dca27499a5ecdf702bb73c) Importer(815301076,1909f56bfc062723c751e8b465ee728b)
Start importing Assets/SpaceSkies Free/Skybox_1/Textures/1K_Resolution/Left_1K_TEX.png using Guid(25c03fdd40dca27499a5ecdf702bb73c) Importer(815301076,1909f56bfc062723c751e8b465ee728b)  -> (artifact id: '052c27be77fa511539a4e6903818ec5d') in 0.021958 seconds 
========================================================================
Received Import Request.
  Time since last request: 4.208666 seconds.
  path: Assets/SpaceSkies Free/Demo
  artifactKey: Guid(cc334bd236c9bf24ba99adf4a2ef3a9d) Importer(815301076,1909f56bfc062723c751e8b465ee728b)
Start importing Assets/SpaceSkies Free/Demo using Guid(cc334bd236c9bf24ba99adf4a2ef3a9d) Importer(815301076,1909f56bfc062723c751e8b465ee728b)  -> (artifact id: '12f9e93dbda07b4ff5c0b2ffad38d745') in 0.006004 seconds 
========================================================================
Received Import Request.
  Time since last request: 0.799959 seconds.
  path: Assets/SpaceSkies Free/Demo/DemoScene.unity
  artifactKey: Guid(47cd513b8c4397e4ca272a1ff269d933) Importer(815301076,1909f56bfc062723c751e8b465ee728b)
Start importing Assets/SpaceSkies Free/Demo/DemoScene.unity using Guid(47cd513b8c4397e4ca272a1ff269d933) Importer(815301076,1909f56bfc062723c751e8b465ee728b)  -> (artifact id: '1d6553d12d46ee222f0fd48b7e72d624') in 0.003122 seconds 
========================================================================
Received Import Request.
  Time since last request: 34.274879 seconds.
  path: Assets/SpaceSkies Free/Skybox_1/Textures/2K_Resolution/Front_2K_TEX.png
  artifactKey: Guid(2daf11d2089545f42aa9216c3b59130f) Importer(815301076,1909f56bfc062723c751e8b465ee728b)
Start importing Assets/SpaceSkies Free/Skybox_1/Textures/2K_Resolution/Front_2K_TEX.png using Guid(2daf11d2089545f42aa9216c3b59130f) Importer(815301076,1909f56bfc062723c751e8b465ee728b)  -> (artifact id: 'db8ced00c2c6aa190bb93494f7103412') in 0.073264 seconds 
========================================================================
Received Import Request.
  Time since last request: 0.000227 seconds.
  path: Assets/SpaceSkies Free/Skybox_1/Textures/2K_Resolution/Up_2K_TEX.png
  artifactKey: Guid(a096daa9a788d7342892ce655a940dba) Importer(815301076,1909f56bfc062723c751e8b465ee728b)
Start importing Assets/SpaceSkies Free/Skybox_1/Textures/2K_Resolution/Up_2K_TEX.png using Guid(a096daa9a788d7342892ce655a940dba) Importer(815301076,1909f56bfc062723c751e8b465ee728b)  -> (artifact id: '9b80deb46ca0b551e8dd596b79acff85') in 0.033810 seconds 
========================================================================
Received Import Request.
  Time since last request: 0.000117 seconds.
  path: Assets/SpaceSkies Free/Skybox_1/Textures/2K_Resolution/Left_2K_TEX.png
  artifactKey: Guid(4e305140e2a136c449648e67d9b747fc) Importer(815301076,1909f56bfc062723c751e8b465ee728b)
Start importing Assets/SpaceSkies Free/Skybox_1/Textures/2K_Resolution/Left_2K_TEX.png using Guid(4e305140e2a136c449648e67d9b747fc) Importer(815301076,1909f56bfc062723c751e8b465ee728b)  -> (artifact id: 'fcf9f2e13619c6ffc854b11a2c2795b3') in 0.021069 seconds 
========================================================================
Received Import Request.
  Time since last request: 1.478216 seconds.
  path: Assets/SpaceSkies Free/Skybox_1/Textures/4K_Resolution/Front_4K_TEX.png
  artifactKey: Guid(2294659746b7dc74a9bd4b40fbbf13f1) Importer(815301076,1909f56bfc062723c751e8b465ee728b)
Start importing Assets/SpaceSkies Free/Skybox_1/Textures/4K_Resolution/Front_4K_TEX.png using Guid(2294659746b7dc74a9bd4b40fbbf13f1) Importer(815301076,1909f56bfc062723c751e8b465ee728b)  -> (artifact id: 'd3c2c96b2bb79069d26cc60235429724') in 0.016414 seconds 
========================================================================
Received Import Request.
  Time since last request: 0.000126 seconds.
  path: Assets/SpaceSkies Free/Skybox_1/Textures/4K_Resolution/Up_4K_TEX.png
  artifactKey: Guid(e3910dca1fac1894e95d811bb9e0e995) Importer(815301076,1909f56bfc062723c751e8b465ee728b)
Start importing Assets/SpaceSkies Free/Skybox_1/Textures/4K_Resolution/Up_4K_TEX.png using Guid(e3910dca1fac1894e95d811bb9e0e995) Importer(815301076,1909f56bfc062723c751e8b465ee728b)  -> (artifact id: '3480c40ed04719ab7fdbbe52f8e8f2d7') in 0.016586 seconds 
========================================================================
Received Import Request.
  Time since last request: 0.000121 seconds.
  path: Assets/SpaceSkies Free/Skybox_1/Textures/4K_Resolution/Right_4K_TEX.png
  artifactKey: Guid(985fa1ea9fecfaf469918bae7e557416) Importer(815301076,1909f56bfc062723c751e8b465ee728b)
Start importing Assets/SpaceSkies Free/Skybox_1/Textures/4K_Resolution/Right_4K_TEX.png using Guid(985fa1ea9fecfaf469918bae7e557416) Importer(815301076,1909f56bfc062723c751e8b465ee728b)  -> (artifact id: '144df58bb85c5106dd61a0fcf5f05f0d') in 0.013414 seconds 
========================================================================
Received Import Request.
  Time since last request: 3.103308 seconds.
  path: Assets/SpaceSkies Free/Skybox_2/Green_1K_Resolution.mat
  artifactKey: Guid(7532f699e134c3547b373487f6b4d57f) Importer(815301076,1909f56bfc062723c751e8b465ee728b)
Start importing Assets/SpaceSkies Free/Skybox_2/Green_1K_Resolution.mat using Guid(7532f699e134c3547b373487f6b4d57f) Importer(815301076,1909f56bfc062723c751e8b465ee728b)  -> (artifact id: '8b3ecf1b9c68c135c052427ee65e4332') in 0.062541 seconds 
========================================================================
Received Import Request.
  Time since last request: 0.000099 seconds.
  path: Assets/SpaceSkies Free/Skybox_2/Green_4K_Resolution.mat
  artifactKey: Guid(b13109bc4674dd24ebc04b7c12437ad6) Importer(815301076,1909f56bfc062723c751e8b465ee728b)
Start importing Assets/SpaceSkies Free/Skybox_2/Green_4K_Resolution.mat using Guid(b13109bc4674dd24ebc04b7c12437ad6) Importer(815301076,1909f56bfc062723c751e8b465ee728b)  -> (artifact id: 'd100779dbe748b267326efdf3a258ade') in 0.155544 seconds 
========================================================================
Received Import Request.
  Time since last request: 0.635392 seconds.
  path: Assets/SpaceSkies Free/Skybox_2/Textures/1K_Resolution/Front_1K_TEX.png
  artifactKey: Guid(186352de5993ec44c850bc5286ebcc36) Importer(815301076,1909f56bfc062723c751e8b465ee728b)
Start importing Assets/SpaceSkies Free/Skybox_2/Textures/1K_Resolution/Front_1K_TEX.png using Guid(186352de5993ec44c850bc5286ebcc36) Importer(815301076,1909f56bfc062723c751e8b465ee728b)  -> (artifact id: 'cbac6e327ed6adff3bd868674687dab8') in 0.013118 seconds 
========================================================================
Received Import Request.
  Time since last request: 0.000058 seconds.
  path: Assets/SpaceSkies Free/Skybox_2/Textures/1K_Resolution/Right_1K_TEX.png
  artifactKey: Guid(35535e5f5785f7e4c8a49bc17d76554e) Importer(815301076,1909f56bfc062723c751e8b465ee728b)
Start importing Assets/SpaceSkies Free/Skybox_2/Textures/1K_Resolution/Right_1K_TEX.png using Guid(35535e5f5785f7e4c8a49bc17d76554e) Importer(815301076,1909f56bfc062723c751e8b465ee728b)  -> (artifact id: 'd93f19d037e7fa71adb17fcbf3c058d6') in 0.010787 seconds 
========================================================================
Received Import Request.
  Time since last request: 0.000135 seconds.
  path: Assets/SpaceSkies Free/Skybox_2/Textures/1K_Resolution/Down_1K_TEX.png
  artifactKey: Guid(f2df341f63f55624dad25163e8c063ac) Importer(815301076,1909f56bfc062723c751e8b465ee728b)
Start importing Assets/SpaceSkies Free/Skybox_2/Textures/1K_Resolution/Down_1K_TEX.png using Guid(f2df341f63f55624dad25163e8c063ac) Importer(815301076,1909f56bfc062723c751e8b465ee728b)  -> (artifact id: 'ffee676ad2add6be6b62745d64713c72') in 0.011082 seconds 
========================================================================
Received Import Request.
  Time since last request: 0.879325 seconds.
  path: Assets/SpaceSkies Free/Skybox_2/Textures/2K_Resolution/Front_2K_TEX.png
  artifactKey: Guid(7a664615cc2deb54683d055292b815d3) Importer(815301076,1909f56bfc062723c751e8b465ee728b)
Start importing Assets/SpaceSkies Free/Skybox_2/Textures/2K_Resolution/Front_2K_TEX.png using Guid(7a664615cc2deb54683d055292b815d3) Importer(815301076,1909f56bfc062723c751e8b465ee728b)  -> (artifact id: 'beaf3362d01c98b94ecae9ba95356392') in 0.018235 seconds 
========================================================================
Received Import Request.
  Time since last request: 0.000071 seconds.
  path: Assets/SpaceSkies Free/Skybox_2/Textures/2K_Resolution/Up_2K_TEX.png
  artifactKey: Guid(91a1010f590c3b1468a65486fa7d0d56) Importer(815301076,1909f56bfc062723c751e8b465ee728b)
Start importing Assets/SpaceSkies Free/Skybox_2/Textures/2K_Resolution/Up_2K_TEX.png using Guid(91a1010f590c3b1468a65486fa7d0d56) Importer(815301076,1909f56bfc062723c751e8b465ee728b)  -> (artifact id: '7aab784dfc0e64ff7c2228b47c371e5a') in 0.016133 seconds 
========================================================================
Received Import Request.
  Time since last request: 0.000386 seconds.
  path: Assets/SpaceSkies Free/Skybox_2/Textures/2K_Resolution/Down_2K_TEX.png
  artifactKey: Guid(1aa1cb2acaa1a0944b8d6106ee3b10c5) Importer(815301076,1909f56bfc062723c751e8b465ee728b)
Start importing Assets/SpaceSkies Free/Skybox_2/Textures/2K_Resolution/Down_2K_TEX.png using Guid(1aa1cb2acaa1a0944b8d6106ee3b10c5) Importer(815301076,1909f56bfc062723c751e8b465ee728b)  -> (artifact id: 'd9cb03601e17bcb8570a72afdc01ad3d') in 0.018149 seconds 
========================================================================
Received Import Request.
  Time since last request: 0.576759 seconds.
  path: Assets/SpaceSkies Free/Skybox_2/Textures/4K_Resolution/Front_4K_TEX.png
  artifactKey: Guid(16ebaeeb7518a62408cd882dda9ff28f) Importer(815301076,1909f56bfc062723c751e8b465ee728b)
Start importing Assets/SpaceSkies Free/Skybox_2/Textures/4K_Resolution/Front_4K_TEX.png using Guid(16ebaeeb7518a62408cd882dda9ff28f) Importer(815301076,1909f56bfc062723c751e8b465ee728b)  -> (artifact id: 'a005c577c3dc6dba25a430876a7cc066') in 0.014046 seconds 
========================================================================
Received Import Request.
  Time since last request: 0.000075 seconds.
  path: Assets/SpaceSkies Free/Skybox_2/Textures/4K_Resolution/Up_4K_TEX.png
  artifactKey: Guid(5ba8a898ec67759488dd22b585643d63) Importer(815301076,1909f56bfc062723c751e8b465ee728b)
Start importing Assets/SpaceSkies Free/Skybox_2/Textures/4K_Resolution/Up_4K_TEX.png using Guid(5ba8a898ec67759488dd22b585643d63) Importer(815301076,1909f56bfc062723c751e8b465ee728b)  -> (artifact id: '2acdd78c3241d5915250d4ae6f09a2ef') in 0.023115 seconds 
========================================================================
Received Import Request.
  Time since last request: 0.000244 seconds.
  path: Assets/SpaceSkies Free/Skybox_2/Textures/4K_Resolution/Down_4K_TEX.png
  artifactKey: Guid(8d89aa73e7a8ffa449bc080309db1c3c) Importer(815301076,1909f56bfc062723c751e8b465ee728b)
Start importing Assets/SpaceSkies Free/Skybox_2/Textures/4K_Resolution/Down_4K_TEX.png using Guid(8d89aa73e7a8ffa449bc080309db1c3c) Importer(815301076,1909f56bfc062723c751e8b465ee728b)  -> (artifact id: 'aeb1e41e16298347677c7f3f0e2e1764') in 0.014183 seconds 
========================================================================
Received Import Request.
  Time since last request: 2.954878 seconds.
  path: Assets/SpaceSkies Free/Demo/Scripts
  artifactKey: Guid(7080738d246006747964bbce844203b4) Importer(815301076,1909f56bfc062723c751e8b465ee728b)
Start importing Assets/SpaceSkies Free/Demo/Scripts using Guid(7080738d246006747964bbce844203b4) Importer(815301076,1909f56bfc062723c751e8b465ee728b)  -> (artifact id: 'cf46be1c8175f617ef43014d56389003') in 0.001391 seconds 
========================================================================
Received Import Request.
  Time since last request: 77.984235 seconds.
  path: Assets/Vast Outer Space/Meshes/Asteroids.fbx
  artifactKey: Guid(38c445290885e384197c7c05e3d49f5f) Importer(815301076,1909f56bfc062723c751e8b465ee728b)
Start importing Assets/Vast Outer Space/Meshes/Asteroids.fbx using Guid(38c445290885e384197c7c05e3d49f5f) Importer(815301076,1909f56bfc062723c751e8b465ee728b)  -> (artifact id: '5f1435d34c2ca684351372ccbfed7975') in 0.562985 seconds 
========================================================================
Received Import Request.
  Time since last request: 0.000178 seconds.
  path: Assets/Vast Outer Space/Meshes/Planets.fbx
  artifactKey: Guid(239b7f955033e6a43a5bb6e9999d3f34) Importer(815301076,1909f56bfc062723c751e8b465ee728b)
Start importing Assets/Vast Outer Space/Meshes/Planets.fbx using Guid(239b7f955033e6a43a5bb6e9999d3f34) Importer(815301076,1909f56bfc062723c751e8b465ee728b)  -> (artifact id: '603a6c10b062e727d7ca37c32189aabb') in 0.629874 seconds 
