Unity Editor version:    2021.3.8f1 (b30333d56e81)
Branch:                  2021.3/staging
Build type:              Release
Batch mode:              YES
macOS version:           Version 12.3.1 (Build 21E258)
Darwin version:          21.4.0
Architecture:            x86_64
Running under Rosetta:   YES
Available memory:        8192 MB
Using pre-set license
Pro License: YES

COMMAND LINE ARGUMENTS:
/Applications/Unity/Hub/Editor/2021.3.8f1/Unity.app/Contents/MacOS/Unity
-adb2
-batchMode
-noUpm
-name
AssetImportWorker1
-projectPath
/Users/sukanyachopra/Desktop/Multiverse-4/Multi-4
-logFile
Logs/AssetImportWorker1.log
-srvPort
56720
Successfully changed project path to: /Users/sukanyachopra/Desktop/Multiverse-4/Multi-4
/Users/sukanyachopra/Desktop/Multiverse-4/Multi-4
[UnityMemory] Configuration Parameters - Can be set up in boot.config
    "memorysetup-bucket-allocator-granularity=16"
    "memorysetup-bucket-allocator-bucket-count=8"
    "memorysetup-bucket-allocator-block-size=33554432"
    "memorysetup-bucket-allocator-block-count=8"
    "memorysetup-main-allocator-block-size=16777216"
    "memorysetup-thread-allocator-block-size=16777216"
    "memorysetup-gfx-main-allocator-block-size=16777216"
    "memorysetup-gfx-thread-allocator-block-size=16777216"
    "memorysetup-cache-allocator-block-size=4194304"
    "memorysetup-typetree-allocator-block-size=2097152"
    "memorysetup-profiler-bucket-allocator-granularity=16"
    "memorysetup-profiler-bucket-allocator-bucket-count=8"
    "memorysetup-profiler-bucket-allocator-block-size=33554432"
    "memorysetup-profiler-bucket-allocator-block-count=8"
    "memorysetup-profiler-allocator-block-size=16777216"
    "memorysetup-profiler-editor-allocator-block-size=1048576"
    "memorysetup-temp-allocator-size-main=16777216"
    "memorysetup-job-temp-allocator-block-size=2097152"
    "memorysetup-job-temp-allocator-block-size-background=1048576"
    "memorysetup-job-temp-allocator-reduction-small-platforms=262144"
    "memorysetup-temp-allocator-size-background-worker=32768"
    "memorysetup-temp-allocator-size-job-worker=262144"
    "memorysetup-temp-allocator-size-preload-manager=33554432"
    "memorysetup-temp-allocator-size-nav-mesh-worker=65536"
    "memorysetup-temp-allocator-size-audio-worker=65536"
    "memorysetup-temp-allocator-size-cloud-worker=32768"
    "memorysetup-temp-allocator-size-gi-baking-worker=262144"
    "memorysetup-temp-allocator-size-gfx=262144"
Refreshing native plugins compatible for Editor in 175.10 ms, found 2 plugins.
Preloading 0 native plugins for Editor in 0.00 ms.
Initialize engine version: 2021.3.8f1 (b30333d56e81)
[Subsystems] Discovering subsystems at path /Applications/Unity/Hub/Editor/2021.3.8f1/Unity.app/Contents/Resources/UnitySubsystems
[Subsystems] Discovering subsystems at path /Users/sukanyachopra/Desktop/Multiverse-4/Multi-4/Assets
GfxDevice: creating device client; threaded=0; jobified=0
 preferred device: Apple M1 (high power)
Metal devices available: 1
0: Apple M1 (high power)
Using device Apple M1 (high power)
Initializing Metal device caps: Apple M1
Initialize mono
Mono path[0] = '/Applications/Unity/Hub/Editor/2021.3.8f1/Unity.app/Contents/Managed'
Mono path[1] = '/Applications/Unity/Hub/Editor/2021.3.8f1/Unity.app/Contents/MonoBleedingEdge/lib/mono/unityjit-macos'
Mono config path = '/Applications/Unity/Hub/Editor/2021.3.8f1/Unity.app/Contents/MonoBleedingEdge/etc'
Using monoOptions --debugger-agent=transport=dt_socket,embedding=1,server=y,suspend=n,address=127.0.0.1:56835
Begin MonoManager ReloadAssembly
Registering precompiled unity dll's ...
Register platform support module: /Applications/Unity/Hub/Editor/2021.3.8f1/PlaybackEngines/WebGLSupport/UnityEditor.WebGL.Extensions.dll
Register platform support module: /Applications/Unity/Hub/Editor/2021.3.8f1/Unity.app/Contents/PlaybackEngines/MacStandaloneSupport/UnityEditor.OSXStandalone.Extensions.dll
Registered in 0.000899 seconds.
Native extension for OSXStandalone target not found
Native extension for WebGL target not found
Refreshing native plugins compatible for Editor in 172.87 ms, found 2 plugins.
Preloading 0 native plugins for Editor in 0.00 ms.
Mono: successfully reloaded assembly
- Completed reload, in  2.419 seconds
Domain Reload Profiling:
	ReloadAssembly (2421ms)
		BeginReloadAssembly (219ms)
			ExecutionOrderSort (0ms)
			DisableScriptedObjects (0ms)
			BackupInstance (0ms)
			ReleaseScriptingObjects (0ms)
			CreateAndSetChildDomain (6ms)
		EndReloadAssembly (1802ms)
			LoadAssemblies (215ms)
			RebuildTransferFunctionScriptingTraits (2ms)
			SetupTypeCache (224ms)
			ReleaseScriptCaches (0ms)
			RebuildScriptCaches (55ms)
			SetupLoadedEditorAssemblies (1287ms)
				LogAssemblyErrors (0ms)
				InitializePlatformSupportModulesInManaged (32ms)
				SetLoadedEditorAssemblies (1ms)
				RefreshPlugins (173ms)
				BeforeProcessingInitializeOnLoad (6ms)
				ProcessInitializeOnLoadAttributes (805ms)
				ProcessInitializeOnLoadMethodAttributes (269ms)
				AfterProcessingInitializeOnLoad (0ms)
				EditorAssembliesLoaded (1ms)
			ExecutionOrderSort2 (0ms)
			AwakeInstancesAfterBackupRestoration (0ms)
Platform modules already initialized, skipping
Registering precompiled user dll's ...
Registered in 0.002767 seconds.
Begin MonoManager ReloadAssembly
Symbol file LoadedFromMemory doesn't match image /Users/sukanyachopra/Desktop/Multiverse-4/Multi-4/Library/PackageCache/com.unity.visualscripting@1.7.8/Editor/VisualScripting.Core/Dependencies/YamlDotNet/Unity.VisualScripting.YamlDotNet.dll
Symbol file LoadedFromMemory doesn't match image /Users/sukanyachopra/Desktop/Multiverse-4/Multi-4/Library/PackageCache/com.unity.visualscripting@1.7.8/Editor/VisualScripting.Core/Dependencies/DotNetZip/Unity.VisualScripting.IonicZip.dll
Native extension for OSXStandalone target not found
Native extension for WebGL target not found
Refreshing native plugins compatible for Editor in 1.03 ms, found 2 plugins.
Preloading 0 native plugins for Editor in 0.00 ms.
Mono: successfully reloaded assembly
- Completed reload, in  3.785 seconds
Domain Reload Profiling:
	ReloadAssembly (3789ms)
		BeginReloadAssembly (342ms)
			ExecutionOrderSort (0ms)
			DisableScriptedObjects (55ms)
			BackupInstance (0ms)
			ReleaseScriptingObjects (0ms)
			CreateAndSetChildDomain (48ms)
		EndReloadAssembly (3002ms)
			LoadAssemblies (189ms)
			RebuildTransferFunctionScriptingTraits (0ms)
			SetupTypeCache (538ms)
			ReleaseScriptCaches (2ms)
			RebuildScriptCaches (95ms)
			SetupLoadedEditorAssemblies (1911ms)
				LogAssemblyErrors (0ms)
				InitializePlatformSupportModulesInManaged (23ms)
				SetLoadedEditorAssemblies (3ms)
				RefreshPlugins (1ms)
				BeforeProcessingInitializeOnLoad (216ms)
				ProcessInitializeOnLoadAttributes (1490ms)
				ProcessInitializeOnLoadMethodAttributes (177ms)
				AfterProcessingInitializeOnLoad (1ms)
				EditorAssembliesLoaded (0ms)
			ExecutionOrderSort2 (0ms)
			AwakeInstancesAfterBackupRestoration (15ms)
Platform modules already initialized, skipping
========================================================================
Worker process is ready to serve import requests
Launching external process: /Applications/Unity/Hub/Editor/2021.3.8f1/Unity.app/Contents/Tools/UnityShaderCompiler
Launched and connected shader compiler UnityShaderCompiler after 0.33 seconds
Refreshing native plugins compatible for Editor in 0.68 ms, found 2 plugins.
Preloading 0 native plugins for Editor in 0.00 ms.
Unloading 3377 Unused Serialized files (Serialized files now loaded: 0)
Unloading 27 unused Assets / (94.5 KB). Loaded Objects now: 3834.
Memory consumption went from 229.0 MB to 228.9 MB.
Total: 4.935042 ms (FindLiveObjects: 0.720375 ms CreateObjectMapping: 0.136041 ms MarkObjects: 3.917625 ms  DeleteObjects: 0.159875 ms)

AssetImportParameters requested are different than current active one (requested -> active):
  custom:video-decoder-ogg-theora: a1e56fd34408186e4bbccfd4996cb3dc -> 
  custom:container-muxer-webm: aa71ff27fc2769a1b78a27578f13a17b -> 
  custom:container-demuxer-webm: 4f35f7cbe854078d1ac9338744f61a02 -> 
  custom:video-encoder-webm-vp8: eb34c28f22e8b96e1ab97ce403110664 -> 
  custom:framework-osx-AVFoundation: e770b220cccbd017edd2c1fefb359320 -> 
  custom:audio-encoder-webm-vorbis: bf7c407c2cedff20999df2af8eb42d56 -> 
  custom:container-demuxer-ogg: 62fdf1f143b41e24485cea50d1cbac27 -> 
  custom:video-decoder-webm-vp8: 9c59270c3fd7afecdb556c50c9e8de78 -> 
  custom:audio-decoder-ogg-vorbis: bf7c407c2cedff20999df2af8eb42d56 -> 
========================================================================
Received Import Request.
  Time since last request: 141197.870939 seconds.
  path: Assets/Vast Outer Space/Meshes/Galaxies_and_Nebulae.fbx
  artifactKey: Guid(0e93fe3bf6b9ebd48857f39dfa5b9def) Importer(815301076,1909f56bfc062723c751e8b465ee728b)
Start importing Assets/Vast Outer Space/Meshes/Galaxies_and_Nebulae.fbx using Guid(0e93fe3bf6b9ebd48857f39dfa5b9def) Importer(815301076,1909f56bfc062723c751e8b465ee728b)  -> (artifact id: 'd75be78529bb3e5f3f148996f230648f') in 1.532332 seconds 
========================================================================
Received Import Request.
  Time since last request: 0.000280 seconds.
  path: Assets/Vast Outer Space/Meshes/Planets.fbx
  artifactKey: Guid(239b7f955033e6a43a5bb6e9999d3f34) Importer(815301076,1909f56bfc062723c751e8b465ee728b)
Start importing Assets/Vast Outer Space/Meshes/Planets.fbx using Guid(239b7f955033e6a43a5bb6e9999d3f34) Importer(815301076,1909f56bfc062723c751e8b465ee728b)  -> (artifact id: '347b206ce4adcb0f32ecefc0fd68d477') in 1.911769 seconds 
========================================================================
Received Import Request.
  Time since last request: 0.000229 seconds.
  path: Assets/Vast Outer Space
  artifactKey: Guid(d2b15ebf24e31488682ad4abbfef5f7a) Importer(815301076,1909f56bfc062723c751e8b465ee728b)
Start importing Assets/Vast Outer Space using Guid(d2b15ebf24e31488682ad4abbfef5f7a) Importer(815301076,1909f56bfc062723c751e8b465ee728b)  -> (artifact id: '3a45ac3c3633a0af0ecd661d69d8f9a1') in 0.001246 seconds 
========================================================================
Received Import Request.
  Time since last request: 274.136207 seconds.
  path: Assets/Vast Outer Space/Materials/Asteroid_C.mat
  artifactKey: Guid(e907e370a06d3ff49b3215387775ed67) Importer(815301076,1909f56bfc062723c751e8b465ee728b)
Start importing Assets/Vast Outer Space/Materials/Asteroid_C.mat using Guid(e907e370a06d3ff49b3215387775ed67) Importer(815301076,1909f56bfc062723c751e8b465ee728b)  -> (artifact id: '08ae3982e7be19063914de7e3614e630') in 0.813930 seconds 
========================================================================
Received Import Request.
  Time since last request: 0.000174 seconds.
  path: Assets/Vast Outer Space/Materials/Gas_Planet_G.mat
  artifactKey: Guid(9ec04c19226b42a47a0e6b5211281de8) Importer(815301076,1909f56bfc062723c751e8b465ee728b)
Start importing Assets/Vast Outer Space/Materials/Gas_Planet_G.mat using Guid(9ec04c19226b42a47a0e6b5211281de8) Importer(815301076,1909f56bfc062723c751e8b465ee728b)  -> (artifact id: 'ef5a5dfc1676e58031553fdaec82e8d2') in 0.021531 seconds 
========================================================================
Received Import Request.
  Time since last request: 0.000068 seconds.
  path: Assets/Vast Outer Space/Materials/Gas_Planet_H.mat
  artifactKey: Guid(17e13f2d3211b2547912a2e028bbda56) Importer(815301076,1909f56bfc062723c751e8b465ee728b)
Start importing Assets/Vast Outer Space/Materials/Gas_Planet_H.mat using Guid(17e13f2d3211b2547912a2e028bbda56) Importer(815301076,1909f56bfc062723c751e8b465ee728b)  -> (artifact id: 'cbd023f38f5df2798821f635ceca1a91') in 0.016244 seconds 
========================================================================
Received Import Request.
  Time since last request: 0.000055 seconds.
  path: Assets/Vast Outer Space/Materials/Gas_Planet_J.mat
  artifactKey: Guid(4e1a2f8b73db48b4f81c68e23e158f37) Importer(815301076,1909f56bfc062723c751e8b465ee728b)
Start importing Assets/Vast Outer Space/Materials/Gas_Planet_J.mat using Guid(4e1a2f8b73db48b4f81c68e23e158f37) Importer(815301076,1909f56bfc062723c751e8b465ee728b)  -> (artifact id: '450fb983455fd550905e519f6fd9cd31') in 0.020409 seconds 
========================================================================
Received Import Request.
  Time since last request: 0.000083 seconds.
  path: Assets/Vast Outer Space/Materials/Nebula_A.mat
  artifactKey: Guid(b2363ca872fe93d4fb368bd198a51b15) Importer(815301076,1909f56bfc062723c751e8b465ee728b)
Start importing Assets/Vast Outer Space/Materials/Nebula_A.mat using Guid(b2363ca872fe93d4fb368bd198a51b15) Importer(815301076,1909f56bfc062723c751e8b465ee728b)  -> (artifact id: 'cfa3d9fb70b858bac8dccf1255ba4e2c') in 0.020331 seconds 
========================================================================
Received Import Request.
  Time since last request: 0.000093 seconds.
  path: Assets/Vast Outer Space/Materials/Galaxy_D.mat
  artifactKey: Guid(9965b5208adcbbb419c29592a7f6ce6c) Importer(815301076,1909f56bfc062723c751e8b465ee728b)
Start importing Assets/Vast Outer Space/Materials/Galaxy_D.mat using Guid(9965b5208adcbbb419c29592a7f6ce6c) Importer(815301076,1909f56bfc062723c751e8b465ee728b)  -> (artifact id: '94eb9039fe0683385be672a5909d9ca0') in 0.019782 seconds 
========================================================================
Received Import Request.
  Time since last request: 0.000067 seconds.
  path: Assets/Vast Outer Space/Materials/Galaxy_J.mat
  artifactKey: Guid(2999a027beddbaf43a5ac48ac38f2dbf) Importer(815301076,1909f56bfc062723c751e8b465ee728b)
Start importing Assets/Vast Outer Space/Materials/Galaxy_J.mat using Guid(2999a027beddbaf43a5ac48ac38f2dbf) Importer(815301076,1909f56bfc062723c751e8b465ee728b)  -> (artifact id: '7dfd5e4461321451e6389fcad254c98a') in 0.019589 seconds 
========================================================================
Received Import Request.
  Time since last request: 0.000087 seconds.
  path: Assets/Vast Outer Space/Materials/Nebula_ABC.mat
  artifactKey: Guid(8b039278092af6440a1d665269ed16e1) Importer(815301076,1909f56bfc062723c751e8b465ee728b)
Start importing Assets/Vast Outer Space/Materials/Nebula_ABC.mat using Guid(8b039278092af6440a1d665269ed16e1) Importer(815301076,1909f56bfc062723c751e8b465ee728b)  -> (artifact id: '6d1532f3787a8a0a37a3753eac0c00c6') in 0.028255 seconds 
========================================================================
Received Import Request.
  Time since last request: 0.000082 seconds.
  path: Assets/Vast Outer Space/Materials/Galaxy_F.mat
  artifactKey: Guid(d6938b912e9f2864fae95d7c177eac12) Importer(815301076,1909f56bfc062723c751e8b465ee728b)
Start importing Assets/Vast Outer Space/Materials/Galaxy_F.mat using Guid(d6938b912e9f2864fae95d7c177eac12) Importer(815301076,1909f56bfc062723c751e8b465ee728b)  -> (artifact id: '0b7b1099c0abdb067e914a5e202e1b6a') in 0.018350 seconds 
========================================================================
Received Import Request.
  Time since last request: 0.000087 seconds.
  path: Assets/Vast Outer Space/Materials/Galaxy_H.mat
  artifactKey: Guid(0281bf8d7621d6c40a73e84e341e80b3) Importer(815301076,1909f56bfc062723c751e8b465ee728b)
Start importing Assets/Vast Outer Space/Materials/Galaxy_H.mat using Guid(0281bf8d7621d6c40a73e84e341e80b3) Importer(815301076,1909f56bfc062723c751e8b465ee728b)  -> (artifact id: 'a673a6abd8d411aee02ad8f794842f60') in 0.019514 seconds 
========================================================================
Received Import Request.
  Time since last request: 0.000090 seconds.
  path: Assets/Vast Outer Space/Materials/Gas_Planet_B.mat
  artifactKey: Guid(96187335e0cb98c44aac67a04bb39e15) Importer(815301076,1909f56bfc062723c751e8b465ee728b)
Start importing Assets/Vast Outer Space/Materials/Gas_Planet_B.mat using Guid(96187335e0cb98c44aac67a04bb39e15) Importer(815301076,1909f56bfc062723c751e8b465ee728b)  -> (artifact id: '98231619eded53a1030739f755631ed0') in 0.014440 seconds 
========================================================================
Received Import Request.
  Time since last request: 0.000093 seconds.
  path: Assets/Vast Outer Space/Materials/Gas_Planet_F.mat
  artifactKey: Guid(7c1060f507508d446a956d7f741d31e8) Importer(815301076,1909f56bfc062723c751e8b465ee728b)
Start importing Assets/Vast Outer Space/Materials/Gas_Planet_F.mat using Guid(7c1060f507508d446a956d7f741d31e8) Importer(815301076,1909f56bfc062723c751e8b465ee728b)  -> (artifact id: '5ef0d4650745c5659e48e53fe91bcad6') in 0.016773 seconds 
========================================================================
Received Import Request.
  Time since last request: 0.000088 seconds.
  path: Assets/Vast Outer Space/Materials/Galaxy_E.mat
  artifactKey: Guid(55af22e36a4cd824dacf3a882b653efc) Importer(815301076,1909f56bfc062723c751e8b465ee728b)
Start importing Assets/Vast Outer Space/Materials/Galaxy_E.mat using Guid(55af22e36a4cd824dacf3a882b653efc) Importer(815301076,1909f56bfc062723c751e8b465ee728b)  -> (artifact id: '9a2a656218eaca6b4fb6ac45f078e5ee') in 0.019839 seconds 
========================================================================
Received Import Request.
  Time since last request: 0.000078 seconds.
  path: Assets/Vast Outer Space/Materials/Gas_Planet_K.mat
  artifactKey: Guid(35d9c680ffb36694d84cb0ec28a51716) Importer(815301076,1909f56bfc062723c751e8b465ee728b)
Start importing Assets/Vast Outer Space/Materials/Gas_Planet_K.mat using Guid(35d9c680ffb36694d84cb0ec28a51716) Importer(815301076,1909f56bfc062723c751e8b465ee728b)  -> (artifact id: '8d18df9791ba8a8bc9e672a8507fae03') in 0.025430 seconds 
========================================================================
Received Import Request.
  Time since last request: 0.000080 seconds.
  path: Assets/Vast Outer Space/Materials/Galaxy_A.mat
  artifactKey: Guid(019b12f362f334242b27869d2af226dc) Importer(815301076,1909f56bfc062723c751e8b465ee728b)
Start importing Assets/Vast Outer Space/Materials/Galaxy_A.mat using Guid(019b12f362f334242b27869d2af226dc) Importer(815301076,1909f56bfc062723c751e8b465ee728b)  -> (artifact id: 'f2c163c7d2a483df7b4d9223bdec256f') in 0.019544 seconds 
========================================================================
Received Import Request.
  Time since last request: 0.541911 seconds.
  path: Assets/Vast Outer Space/Materials/Nebula_C.mat
  artifactKey: Guid(37a0a7a86d41b3e43b7a4fdb260ab66b) Importer(815301076,1909f56bfc062723c751e8b465ee728b)
Start importing Assets/Vast Outer Space/Materials/Nebula_C.mat using Guid(37a0a7a86d41b3e43b7a4fdb260ab66b) Importer(815301076,1909f56bfc062723c751e8b465ee728b)  -> (artifact id: '77ef88c87d434de8d5c41a14b5a7b581') in 0.022229 seconds 
========================================================================
Received Import Request.
  Time since last request: 0.000082 seconds.
  path: Assets/Vast Outer Space/Materials/Nebula_DEF.mat
  artifactKey: Guid(a05fe2ec4b3588047a3edcdd174a8910) Importer(815301076,1909f56bfc062723c751e8b465ee728b)
Start importing Assets/Vast Outer Space/Materials/Nebula_DEF.mat using Guid(a05fe2ec4b3588047a3edcdd174a8910) Importer(815301076,1909f56bfc062723c751e8b465ee728b)  -> (artifact id: '8d0053c36e9fa250a469d9a84b118cc5') in 0.029367 seconds 
========================================================================
Received Import Request.
  Time since last request: 0.000169 seconds.
  path: Assets/Vast Outer Space/Materials/Nebula_EF.mat
  artifactKey: Guid(ddfca099ea2b4014e89d9f1a60498a8b) Importer(815301076,1909f56bfc062723c751e8b465ee728b)
Start importing Assets/Vast Outer Space/Materials/Nebula_EF.mat using Guid(ddfca099ea2b4014e89d9f1a60498a8b) Importer(815301076,1909f56bfc062723c751e8b465ee728b)  -> (artifact id: '3da7d5405f9ef97c21d0c85ae48b6e15') in 0.020053 seconds 
========================================================================
Received Import Request.
  Time since last request: 0.000243 seconds.
  path: Assets/Vast Outer Space/Materials/Nebula_E.mat
  artifactKey: Guid(922a93da4b9fe0546b4da1c307cc509e) Importer(815301076,1909f56bfc062723c751e8b465ee728b)
Start importing Assets/Vast Outer Space/Materials/Nebula_E.mat using Guid(922a93da4b9fe0546b4da1c307cc509e) Importer(815301076,1909f56bfc062723c751e8b465ee728b)  -> (artifact id: '78f6d467dbadea8e85005340176c307c') in 0.017973 seconds 
========================================================================
Received Import Request.
  Time since last request: 0.000141 seconds.
  path: Assets/Vast Outer Space/Materials/Nebula_CDE.mat
  artifactKey: Guid(bd0a4a87cb2d2f344a4d15b58eb14a1e) Importer(815301076,1909f56bfc062723c751e8b465ee728b)
Start importing Assets/Vast Outer Space/Materials/Nebula_CDE.mat using Guid(bd0a4a87cb2d2f344a4d15b58eb14a1e) Importer(815301076,1909f56bfc062723c751e8b465ee728b)  -> (artifact id: 'd4f66b984c8f5d35505b923098efcf98') in 0.017497 seconds 
========================================================================
Received Import Request.
  Time since last request: 0.411276 seconds.
  path: Assets/Vast Outer Space/Materials/Planet_A.mat
  artifactKey: Guid(03e2fc29461035a41927951b7363ce46) Importer(815301076,1909f56bfc062723c751e8b465ee728b)
Start importing Assets/Vast Outer Space/Materials/Planet_A.mat using Guid(03e2fc29461035a41927951b7363ce46) Importer(815301076,1909f56bfc062723c751e8b465ee728b)  -> (artifact id: '58a658331d9163b761cb86f351a53c6a') in 0.020523 seconds 
========================================================================
Received Import Request.
  Time since last request: 0.276850 seconds.
  path: Assets/Vast Outer Space/Materials/Planet_D.mat
  artifactKey: Guid(3a95eb3253c908646bec6a4d8b0e49d5) Importer(815301076,1909f56bfc062723c751e8b465ee728b)
Start importing Assets/Vast Outer Space/Materials/Planet_D.mat using Guid(3a95eb3253c908646bec6a4d8b0e49d5) Importer(815301076,1909f56bfc062723c751e8b465ee728b)  -> (artifact id: '87c520d69ca8295b2507eb468337f353') in 0.019272 seconds 
========================================================================
Received Import Request.
  Time since last request: 0.000069 seconds.
  path: Assets/Vast Outer Space/Materials/Planet_Ring_E2.mat
  artifactKey: Guid(a7191b3538f7dd142a03e9e31927387d) Importer(815301076,1909f56bfc062723c751e8b465ee728b)
Start importing Assets/Vast Outer Space/Materials/Planet_Ring_E2.mat using Guid(a7191b3538f7dd142a03e9e31927387d) Importer(815301076,1909f56bfc062723c751e8b465ee728b)  -> (artifact id: '03058696c0fa77778b621331c7174018') in 0.494405 seconds 
========================================================================
Received Import Request.
  Time since last request: 0.000076 seconds.
  path: Assets/Vast Outer Space/Materials/Planet_E.mat
  artifactKey: Guid(979c24c8411d50249895c216227fe20e) Importer(815301076,1909f56bfc062723c751e8b465ee728b)
Start importing Assets/Vast Outer Space/Materials/Planet_E.mat using Guid(979c24c8411d50249895c216227fe20e) Importer(815301076,1909f56bfc062723c751e8b465ee728b)  -> (artifact id: '4a395da3b98b908d35cc478cdd0ea8d4') in 0.018475 seconds 
========================================================================
Received Import Request.
  Time since last request: 0.000058 seconds.
  path: Assets/Vast Outer Space/Materials/Sun_Flames.mat
  artifactKey: Guid(1f6c57bda745ad54eadfe28915d8dfdb) Importer(815301076,1909f56bfc062723c751e8b465ee728b)
Start importing Assets/Vast Outer Space/Materials/Sun_Flames.mat using Guid(1f6c57bda745ad54eadfe28915d8dfdb) Importer(815301076,1909f56bfc062723c751e8b465ee728b)  -> (artifact id: '43b78b6068d2c7b71ccf28588858de37') in 0.012364 seconds 
========================================================================
Received Import Request.
  Time since last request: 0.000084 seconds.
  path: Assets/Vast Outer Space/Materials/Planet_Ring_D2.mat
  artifactKey: Guid(2fcdc848eff87ca439d154813662ba63) Importer(815301076,1909f56bfc062723c751e8b465ee728b)
Start importing Assets/Vast Outer Space/Materials/Planet_Ring_D2.mat using Guid(2fcdc848eff87ca439d154813662ba63) Importer(815301076,1909f56bfc062723c751e8b465ee728b)  -> (artifact id: '5ba8185013a9b2ad7b8ecc4bd7812b58') in 0.018981 seconds 
========================================================================
Received Import Request.
  Time since last request: 0.000076 seconds.
  path: Assets/Vast Outer Space/Materials/Skybox_C.mat
  artifactKey: Guid(fe362c904b38e1346a9722ad3d807248) Importer(815301076,1909f56bfc062723c751e8b465ee728b)
Start importing Assets/Vast Outer Space/Materials/Skybox_C.mat using Guid(fe362c904b38e1346a9722ad3d807248) Importer(815301076,1909f56bfc062723c751e8b465ee728b)  -> (artifact id: 'f506974fc6fd2e177a605c3c3ea66861') in 0.422818 seconds 
========================================================================
Received Import Request.
  Time since last request: 0.000074 seconds.
  path: Assets/Vast Outer Space/Materials/Planet_Ring_D1.mat
  artifactKey: Guid(83ef464ec6907a64e810a70c02c4b033) Importer(815301076,1909f56bfc062723c751e8b465ee728b)
Start importing Assets/Vast Outer Space/Materials/Planet_Ring_D1.mat using Guid(83ef464ec6907a64e810a70c02c4b033) Importer(815301076,1909f56bfc062723c751e8b465ee728b)  -> (artifact id: '1ef61d0cec5dae7681099794581ad779') in 0.021088 seconds 
========================================================================
Received Import Request.
  Time since last request: 0.000100 seconds.
  path: Assets/Vast Outer Space/Materials/Planet_G.mat
  artifactKey: Guid(f2a7ecf0acfa1e14cb60df026defae69) Importer(815301076,1909f56bfc062723c751e8b465ee728b)
Start importing Assets/Vast Outer Space/Materials/Planet_G.mat using Guid(f2a7ecf0acfa1e14cb60df026defae69) Importer(815301076,1909f56bfc062723c751e8b465ee728b)  -> (artifact id: '9ef9f457b5e9b24c8c21d218a2c737f4') in 0.022096 seconds 
========================================================================
Received Import Request.
  Time since last request: 0.000073 seconds.
  path: Assets/Vast Outer Space/Materials/Star_Red.mat
  artifactKey: Guid(40ddc0ebb3b1b094e85c89b746eba0a6) Importer(815301076,1909f56bfc062723c751e8b465ee728b)
Start importing Assets/Vast Outer Space/Materials/Star_Red.mat using Guid(40ddc0ebb3b1b094e85c89b746eba0a6) Importer(815301076,1909f56bfc062723c751e8b465ee728b)  -> (artifact id: '3f74b696d3c665969e0cf8d76e505b97') in 0.094220 seconds 
========================================================================
Received Import Request.
  Time since last request: 0.000095 seconds.
  path: Assets/Vast Outer Space/Materials/Star_Orange.mat
  artifactKey: Guid(d8faa7b45bfa7c44eac0d4ac2986c41a) Importer(815301076,1909f56bfc062723c751e8b465ee728b)
Start importing Assets/Vast Outer Space/Materials/Star_Orange.mat using Guid(d8faa7b45bfa7c44eac0d4ac2986c41a) Importer(815301076,1909f56bfc062723c751e8b465ee728b)  -> (artifact id: '3242e95679a79799aab3fa1aba48d155') in 0.012159 seconds 
========================================================================
Received Import Request.
  Time since last request: 0.000052 seconds.
  path: Assets/Vast Outer Space/Materials/Planet_I.mat
  artifactKey: Guid(7f9cb792ba0857845aa00229707e3633) Importer(815301076,1909f56bfc062723c751e8b465ee728b)
Start importing Assets/Vast Outer Space/Materials/Planet_I.mat using Guid(7f9cb792ba0857845aa00229707e3633) Importer(815301076,1909f56bfc062723c751e8b465ee728b)  -> (artifact id: '8deeb1c4f394fec080e876b6015228b9') in 0.017977 seconds 
========================================================================
Received Import Request.
  Time since last request: 0.000055 seconds.
  path: Assets/Vast Outer Space/Materials/Planet_Ring_B1.mat
  artifactKey: Guid(c674223417ee3994994933fc642f56c2) Importer(815301076,1909f56bfc062723c751e8b465ee728b)
Start importing Assets/Vast Outer Space/Materials/Planet_Ring_B1.mat using Guid(c674223417ee3994994933fc642f56c2) Importer(815301076,1909f56bfc062723c751e8b465ee728b)  -> (artifact id: '9596348f693cc520640c1097973c7a7f') in 0.016104 seconds 
========================================================================
Received Import Request.
  Time since last request: 0.000055 seconds.
  path: Assets/Vast Outer Space/Materials/Star_Yellow.mat
  artifactKey: Guid(8f69b006c34a48e49850715882beab56) Importer(815301076,1909f56bfc062723c751e8b465ee728b)
Start importing Assets/Vast Outer Space/Materials/Star_Yellow.mat using Guid(8f69b006c34a48e49850715882beab56) Importer(815301076,1909f56bfc062723c751e8b465ee728b)  -> (artifact id: '800fe6fe9056dafb8e597d7408dda6c2') in 0.016065 seconds 
========================================================================
Received Import Request.
  Time since last request: 0.000083 seconds.
  path: Assets/Vast Outer Space/Materials/Star_Purple.mat
  artifactKey: Guid(24369dfdc0ca41b4d94b35d0f163de32) Importer(815301076,1909f56bfc062723c751e8b465ee728b)
Start importing Assets/Vast Outer Space/Materials/Star_Purple.mat using Guid(24369dfdc0ca41b4d94b35d0f163de32) Importer(815301076,1909f56bfc062723c751e8b465ee728b)  -> (artifact id: '9713be17beadb40bd359afe70a4634cf') in 0.015520 seconds 
========================================================================
Received Import Request.
  Time since last request: 0.000060 seconds.
  path: Assets/Vast Outer Space/Materials/Planet_J.mat
  artifactKey: Guid(311b53a96f17fc14aa3d1309d6374d60) Importer(815301076,1909f56bfc062723c751e8b465ee728b)
Start importing Assets/Vast Outer Space/Materials/Planet_J.mat using Guid(311b53a96f17fc14aa3d1309d6374d60) Importer(815301076,1909f56bfc062723c751e8b465ee728b)  -> (artifact id: 'dbf5992be3cf0f1ca1063ce2ed89365e') in 0.021974 seconds 
========================================================================
Received Import Request.
  Time since last request: 0.000075 seconds.
  path: Assets/Vast Outer Space/Materials/Planet_Ring_C2.mat
  artifactKey: Guid(764223f0a425f4e4d8f114223577c7e8) Importer(815301076,1909f56bfc062723c751e8b465ee728b)
Start importing Assets/Vast Outer Space/Materials/Planet_Ring_C2.mat using Guid(764223f0a425f4e4d8f114223577c7e8) Importer(815301076,1909f56bfc062723c751e8b465ee728b)  -> (artifact id: 'f76234ba41019c8addc222648208b8b5') in 0.019584 seconds 
========================================================================
Received Import Request.
  Time since last request: 22.854773 seconds.
  path: Assets/Vast Outer Space/Textures/Asteroid_B.png
  artifactKey: Guid(47cf79e8868e8cf4a8380cba7b0dc684) Importer(815301076,1909f56bfc062723c751e8b465ee728b)
Start importing Assets/Vast Outer Space/Textures/Asteroid_B.png using Guid(47cf79e8868e8cf4a8380cba7b0dc684) Importer(815301076,1909f56bfc062723c751e8b465ee728b)  -> (artifact id: '5d02d019337ae60f48df15852026b80e') in 0.851181 seconds 
========================================================================
Received Import Request.
  Time since last request: 0.000153 seconds.
  path: Assets/Vast Outer Space/Textures/Gas_Planet_I.png
  artifactKey: Guid(6d5ae3f1873105146a43e75edd2be032) Importer(815301076,1909f56bfc062723c751e8b465ee728b)
Start importing Assets/Vast Outer Space/Textures/Gas_Planet_I.png using Guid(6d5ae3f1873105146a43e75edd2be032) Importer(815301076,1909f56bfc062723c751e8b465ee728b)  -> (artifact id: '54ed2a42105ae5e778d8a6cd799560af') in 0.036612 seconds 
========================================================================
Received Import Request.
  Time since last request: 0.000063 seconds.
  path: Assets/Vast Outer Space/Textures/Nebula_AB.png
  artifactKey: Guid(ee8179241eecccc4a803ad81f1aaebf3) Importer(815301076,1909f56bfc062723c751e8b465ee728b)
Start importing Assets/Vast Outer Space/Textures/Nebula_AB.png using Guid(ee8179241eecccc4a803ad81f1aaebf3) Importer(815301076,1909f56bfc062723c751e8b465ee728b)  -> (artifact id: '58a9af8e5f07ad19ac3d49a2d790c601') in 0.026433 seconds 
========================================================================
Received Import Request.
  Time since last request: 0.000080 seconds.
  path: Assets/Vast Outer Space/Textures/Galaxy_I.png
  artifactKey: Guid(e20ff7a0823471744b8ca78660a5328e) Importer(815301076,1909f56bfc062723c751e8b465ee728b)
Start importing Assets/Vast Outer Space/Textures/Galaxy_I.png using Guid(e20ff7a0823471744b8ca78660a5328e) Importer(815301076,1909f56bfc062723c751e8b465ee728b)  -> (artifact id: '4537f2042fcfa2d56980870148f64ad1') in 0.019285 seconds 
========================================================================
Received Import Request.
  Time since last request: 0.000083 seconds.
  path: Assets/Vast Outer Space/Textures/Asteroid_G.png
  artifactKey: Guid(f935389eac443664ea079fd9536854bb) Importer(815301076,1909f56bfc062723c751e8b465ee728b)
Start importing Assets/Vast Outer Space/Textures/Asteroid_G.png using Guid(f935389eac443664ea079fd9536854bb) Importer(815301076,1909f56bfc062723c751e8b465ee728b)  -> (artifact id: '238864614d720519c8534af76824af1b') in 0.016097 seconds 
========================================================================
Received Import Request.
  Time since last request: 0.000200 seconds.
  path: Assets/Vast Outer Space/Textures/Galaxy_C.png
  artifactKey: Guid(0b2f8b42a10a45142a081ce84d42c31e) Importer(815301076,1909f56bfc062723c751e8b465ee728b)
Start importing Assets/Vast Outer Space/Textures/Galaxy_C.png using Guid(0b2f8b42a10a45142a081ce84d42c31e) Importer(815301076,1909f56bfc062723c751e8b465ee728b)  -> (artifact id: 'e467e991fd65a4ef63a828b718e81f2d') in 0.015827 seconds 
========================================================================
Received Import Request.
  Time since last request: 0.000057 seconds.
  path: Assets/Vast Outer Space/Textures/Gas_Planet_D.png
  artifactKey: Guid(e0c9474792e56d74584efad3a75f7e5f) Importer(815301076,1909f56bfc062723c751e8b465ee728b)
Start importing Assets/Vast Outer Space/Textures/Gas_Planet_D.png using Guid(e0c9474792e56d74584efad3a75f7e5f) Importer(815301076,1909f56bfc062723c751e8b465ee728b)  -> (artifact id: 'b0cab022f8ac7af984ea4891e247cb1f') in 0.016753 seconds 
========================================================================
Received Import Request.
  Time since last request: 0.000084 seconds.
  path: Assets/Vast Outer Space/Textures/Galaxy_E.png
  artifactKey: Guid(3b10109b13270c540914f1f989ac8344) Importer(815301076,1909f56bfc062723c751e8b465ee728b)
Start importing Assets/Vast Outer Space/Textures/Galaxy_E.png using Guid(3b10109b13270c540914f1f989ac8344) Importer(815301076,1909f56bfc062723c751e8b465ee728b)  -> (artifact id: 'facca074cb0af945bc823f878d6e7441') in 0.019314 seconds 
========================================================================
Received Import Request.
  Time since last request: 0.000107 seconds.
  path: Assets/Vast Outer Space/Textures/Asteroid_D.png
  artifactKey: Guid(4de4c1c9ca4451d48a4631828548eec4) Importer(815301076,1909f56bfc062723c751e8b465ee728b)
Start importing Assets/Vast Outer Space/Textures/Asteroid_D.png using Guid(4de4c1c9ca4451d48a4631828548eec4) Importer(815301076,1909f56bfc062723c751e8b465ee728b)  -> (artifact id: '90c4769802fe824ffdc7c3e927e1889a') in 0.019665 seconds 
========================================================================
Received Import Request.
  Time since last request: 0.000061 seconds.
  path: Assets/Vast Outer Space/Textures/Galaxy_F.png
  artifactKey: Guid(6fe5db397b85f744b90d5b30fcaa2dec) Importer(815301076,1909f56bfc062723c751e8b465ee728b)
Start importing Assets/Vast Outer Space/Textures/Galaxy_F.png using Guid(6fe5db397b85f744b90d5b30fcaa2dec) Importer(815301076,1909f56bfc062723c751e8b465ee728b)  -> (artifact id: '9624da1fe54c618ec1f1e9d88dc979ac') in 0.015971 seconds 
========================================================================
Received Import Request.
  Time since last request: 0.000076 seconds.
  path: Assets/Vast Outer Space/Textures/Galaxy_J.png
  artifactKey: Guid(27433079d3a17e240b4d49f859592e05) Importer(815301076,1909f56bfc062723c751e8b465ee728b)
Start importing Assets/Vast Outer Space/Textures/Galaxy_J.png using Guid(27433079d3a17e240b4d49f859592e05) Importer(815301076,1909f56bfc062723c751e8b465ee728b)  -> (artifact id: '52b7b1dda9247da4afb4a8985d6ce7d6') in 0.016009 seconds 
========================================================================
Received Import Request.
  Time since last request: 0.000080 seconds.
  path: Assets/Vast Outer Space/Textures/Gas_Planet_H.png
  artifactKey: Guid(5331ebf0c65ec7b46a9c108d56bb8c23) Importer(815301076,1909f56bfc062723c751e8b465ee728b)
Start importing Assets/Vast Outer Space/Textures/Gas_Planet_H.png using Guid(5331ebf0c65ec7b46a9c108d56bb8c23) Importer(815301076,1909f56bfc062723c751e8b465ee728b)  -> (artifact id: '4dc1ce1efb71c1577d960d115b438a89') in 0.014005 seconds 
========================================================================
Received Import Request.
  Time since last request: 0.000072 seconds.
  path: Assets/Vast Outer Space/Textures/Gas_Planet_G.png
  artifactKey: Guid(377f06b1a3354d645b666cd8109a770e) Importer(815301076,1909f56bfc062723c751e8b465ee728b)
Start importing Assets/Vast Outer Space/Textures/Gas_Planet_G.png using Guid(377f06b1a3354d645b666cd8109a770e) Importer(815301076,1909f56bfc062723c751e8b465ee728b)  -> (artifact id: 'afc283a0af91f163597449a1c2f66b30') in 0.012413 seconds 
========================================================================
Received Import Request.
  Time since last request: 0.000115 seconds.
  path: Assets/Vast Outer Space/Textures/Galaxy_H.png
  artifactKey: Guid(9c979f9ec0657e045927833193f4b9d1) Importer(815301076,1909f56bfc062723c751e8b465ee728b)
Start importing Assets/Vast Outer Space/Textures/Galaxy_H.png using Guid(9c979f9ec0657e045927833193f4b9d1) Importer(815301076,1909f56bfc062723c751e8b465ee728b)  -> (artifact id: 'f25d80429cf4fb07057c76e51597bad1') in 0.018046 seconds 
========================================================================
Received Import Request.
  Time since last request: 0.000329 seconds.
  path: Assets/Vast Outer Space/Textures/Galaxy_B.png
  artifactKey: Guid(0a5d09ecd885fc7489fc86abf0fddeaf) Importer(815301076,1909f56bfc062723c751e8b465ee728b)
Start importing Assets/Vast Outer Space/Textures/Galaxy_B.png using Guid(0a5d09ecd885fc7489fc86abf0fddeaf) Importer(815301076,1909f56bfc062723c751e8b465ee728b)  -> (artifact id: '32abbd458644e6124ab0d9aa2c5d3009') in 0.016426 seconds 
========================================================================
Received Import Request.
  Time since last request: 0.000109 seconds.
  path: Assets/Vast Outer Space/Textures/Galaxy_A.png
  artifactKey: Guid(1e89fb20cbe0cf442adf25222e2bfe77) Importer(815301076,1909f56bfc062723c751e8b465ee728b)
Start importing Assets/Vast Outer Space/Textures/Galaxy_A.png using Guid(1e89fb20cbe0cf442adf25222e2bfe77) Importer(815301076,1909f56bfc062723c751e8b465ee728b)  -> (artifact id: 'dc04bc242e41d2151eca1b6165c76bd5') in 0.022290 seconds 
========================================================================
Received Import Request.
  Time since last request: 0.000106 seconds.
  path: Assets/Vast Outer Space/Textures/Gas_Planet_K.png
  artifactKey: Guid(5a03f012613841243ac60b7761c4bc75) Importer(815301076,1909f56bfc062723c751e8b465ee728b)
Start importing Assets/Vast Outer Space/Textures/Gas_Planet_K.png using Guid(5a03f012613841243ac60b7761c4bc75) Importer(815301076,1909f56bfc062723c751e8b465ee728b)  -> (artifact id: '310e6362dbcc9a6875deb781fd1deb2f') in 0.017282 seconds 
========================================================================
Received Import Request.
  Time since last request: 0.000105 seconds.
  path: Assets/Vast Outer Space/Textures/Nebula_ABC.png
  artifactKey: Guid(0a8df56290b805347a48d915aab24083) Importer(815301076,1909f56bfc062723c751e8b465ee728b)
Start importing Assets/Vast Outer Space/Textures/Nebula_ABC.png using Guid(0a8df56290b805347a48d915aab24083) Importer(815301076,1909f56bfc062723c751e8b465ee728b)  -> (artifact id: '8299b0abbcc13045b4d96514892dad05') in 0.026117 seconds 
========================================================================
Received Import Request.
  Time since last request: 0.000100 seconds.
  path: Assets/Vast Outer Space/Textures/Nebula_A.png
  artifactKey: Guid(0a59452de63f98240877facb246a1ca7) Importer(815301076,1909f56bfc062723c751e8b465ee728b)
Start importing Assets/Vast Outer Space/Textures/Nebula_A.png using Guid(0a59452de63f98240877facb246a1ca7) Importer(815301076,1909f56bfc062723c751e8b465ee728b)  -> (artifact id: '9b16898978f18c1550f545413bf9850b') in 0.028349 seconds 
========================================================================
Received Import Request.
  Time since last request: 995.805735 seconds.
  path: Assets/Vast Outer Space/Prefabs/Asteroids/Asteroid_B.prefab
  artifactKey: Guid(ead4c151b2850004782f62d3ac573cbe) Importer(815301076,1909f56bfc062723c751e8b465ee728b)
Start importing Assets/Vast Outer Space/Prefabs/Asteroids/Asteroid_B.prefab using Guid(ead4c151b2850004782f62d3ac573cbe) Importer(815301076,1909f56bfc062723c751e8b465ee728b)  -> (artifact id: 'f948e511f1cdd57e59e978d869309782') in 0.497709 seconds 
========================================================================
Received Import Request.
  Time since last request: 0.000201 seconds.
  path: Assets/Vast Outer Space/Prefabs/Asteroids/Asteroid_G.prefab
  artifactKey: Guid(c49caf18677eba3478784cd2f08b98b8) Importer(815301076,1909f56bfc062723c751e8b465ee728b)
Start importing Assets/Vast Outer Space/Prefabs/Asteroids/Asteroid_G.prefab using Guid(c49caf18677eba3478784cd2f08b98b8) Importer(815301076,1909f56bfc062723c751e8b465ee728b)  -> (artifact id: '25f35a33cc6a36ee2bad12d90f5d27bd') in 0.029879 seconds 
========================================================================
Received Import Request.
  Time since last request: 0.009187 seconds.
  path: Assets/Vast Outer Space/Prefabs/Asteroids/Asteroid_D.prefab
  artifactKey: Guid(7f7566e20b9ffe54798c1bf42201e1a9) Importer(815301076,1909f56bfc062723c751e8b465ee728b)
Start importing Assets/Vast Outer Space/Prefabs/Asteroids/Asteroid_D.prefab using Guid(7f7566e20b9ffe54798c1bf42201e1a9) Importer(815301076,1909f56bfc062723c751e8b465ee728b)  -> (artifact id: '47a07d2042ace2f4d329f6c09d9ca8e0') in 0.052063 seconds 
========================================================================
Received Import Request.
  Time since last request: 0.007090 seconds.
  path: Assets/Vast Outer Space/Prefabs/Asteroids/Asteroid_H.prefab
  artifactKey: Guid(ece113bb09a725547ad15c6e1794fbe0) Importer(815301076,1909f56bfc062723c751e8b465ee728b)
Start importing Assets/Vast Outer Space/Prefabs/Asteroids/Asteroid_H.prefab using Guid(ece113bb09a725547ad15c6e1794fbe0) Importer(815301076,1909f56bfc062723c751e8b465ee728b)  -> (artifact id: 'dd035fb94f3db17b275030f40b7797d2') in 0.045090 seconds 
========================================================================
Received Prepare
Registering precompiled user dll's ...
Registered in 0.008417 seconds.
Begin MonoManager ReloadAssembly
Symbol file LoadedFromMemory doesn't match image /Users/sukanyachopra/Desktop/Multiverse-4/Multi-4/Library/PackageCache/com.unity.visualscripting@1.7.8/Editor/VisualScripting.Core/Dependencies/YamlDotNet/Unity.VisualScripting.YamlDotNet.dll
Symbol file LoadedFromMemory doesn't match image /Users/sukanyachopra/Desktop/Multiverse-4/Multi-4/Library/PackageCache/com.unity.visualscripting@1.7.8/Editor/VisualScripting.Core/Dependencies/DotNetZip/Unity.VisualScripting.IonicZip.dll
Native extension for OSXStandalone target not found
Native extension for WebGL target not found
Refreshing native plugins compatible for Editor in 2.78 ms, found 2 plugins.
Preloading 0 native plugins for Editor in 0.00 ms.
Mono: successfully reloaded assembly
- Completed reload, in  6.705 seconds
Domain Reload Profiling:
	ReloadAssembly (6714ms)
		BeginReloadAssembly (1102ms)
			ExecutionOrderSort (0ms)
			DisableScriptedObjects (68ms)
			BackupInstance (0ms)
			ReleaseScriptingObjects (0ms)
			CreateAndSetChildDomain (448ms)
		EndReloadAssembly (5187ms)
			LoadAssemblies (448ms)
			RebuildTransferFunctionScriptingTraits (3ms)
			SetupTypeCache (981ms)
			ReleaseScriptCaches (14ms)
			RebuildScriptCaches (124ms)
			SetupLoadedEditorAssemblies (3252ms)
				LogAssemblyErrors (0ms)
				InitializePlatformSupportModulesInManaged (96ms)
				SetLoadedEditorAssemblies (4ms)
				RefreshPlugins (3ms)
				BeforeProcessingInitializeOnLoad (297ms)
				ProcessInitializeOnLoadAttributes (2522ms)
				ProcessInitializeOnLoadMethodAttributes (327ms)
				AfterProcessingInitializeOnLoad (2ms)
				EditorAssembliesLoaded (1ms)
			ExecutionOrderSort2 (0ms)
			AwakeInstancesAfterBackupRestoration (29ms)
Platform modules already initialized, skipping
Refreshing native plugins compatible for Editor in 2.44 ms, found 2 plugins.
Preloading 0 native plugins for Editor in 0.00 ms.
Unloading 3374 Unused Serialized files (Serialized files now loaded: 0)
Unloading 20 unused Assets / (71.1 KB). Loaded Objects now: 3887.
Memory consumption went from 251.7 MB to 251.7 MB.
Total: 7.557750 ms (FindLiveObjects: 0.323084 ms CreateObjectMapping: 0.207459 ms MarkObjects: 6.838750 ms  DeleteObjects: 0.186333 ms)

AssetImportParameters requested are different than current active one (requested -> active):
  custom:video-decoder-ogg-theora: a1e56fd34408186e4bbccfd4996cb3dc -> 
  custom:container-muxer-webm: aa71ff27fc2769a1b78a27578f13a17b -> 
  custom:container-demuxer-webm: 4f35f7cbe854078d1ac9338744f61a02 -> 
  custom:video-encoder-webm-vp8: eb34c28f22e8b96e1ab97ce403110664 -> 
  custom:framework-osx-AVFoundation: e770b220cccbd017edd2c1fefb359320 -> 
  custom:audio-encoder-webm-vorbis: bf7c407c2cedff20999df2af8eb42d56 -> 
  custom:container-demuxer-ogg: 62fdf1f143b41e24485cea50d1cbac27 -> 
  custom:video-decoder-webm-vp8: 9c59270c3fd7afecdb556c50c9e8de78 -> 
  custom:audio-decoder-ogg-vorbis: bf7c407c2cedff20999df2af8eb42d56 -> 
========================================================================
Received Import Request.
  Time since last request: 775.358693 seconds.
  path: Assets/SpaceSkies Free/Skybox_1/Pink_2K_Resolution.mat
  artifactKey: Guid(9f69d571a9cb54943b5a80ccd6b19e96) Importer(815301076,1909f56bfc062723c751e8b465ee728b)
Start importing Assets/SpaceSkies Free/Skybox_1/Pink_2K_Resolution.mat using Guid(9f69d571a9cb54943b5a80ccd6b19e96) Importer(815301076,1909f56bfc062723c751e8b465ee728b)  -> (artifact id: 'a988efd45e2a02461d4af619de281e0a') in 1.324273 seconds 
========================================================================
Received Import Request.
  Time since last request: 0.000154 seconds.
  path: Assets/SpaceSkies Free/Skybox_1/Pink_4K_Resolution.mat
  artifactKey: Guid(8401881fcb9afd34eb383fc90bbbbddc) Importer(815301076,1909f56bfc062723c751e8b465ee728b)
Start importing Assets/SpaceSkies Free/Skybox_1/Pink_4K_Resolution.mat using Guid(8401881fcb9afd34eb383fc90bbbbddc) Importer(815301076,1909f56bfc062723c751e8b465ee728b)  -> (artifact id: '60f7454f338765e3a8d9ff9a8d553724') in 0.083074 seconds 
========================================================================
Received Import Request.
  Time since last request: 2.456254 seconds.
  path: Assets/SpaceSkies Free/Skybox_1/Textures/1K_Resolution/Back_1K_TEX.png
  artifactKey: Guid(52d452284176b2741bc26215319bbb28) Importer(815301076,1909f56bfc062723c751e8b465ee728b)
Start importing Assets/SpaceSkies Free/Skybox_1/Textures/1K_Resolution/Back_1K_TEX.png using Guid(52d452284176b2741bc26215319bbb28) Importer(815301076,1909f56bfc062723c751e8b465ee728b)  -> (artifact id: '0a0218873f9f0badf08b75529c28495c') in 0.116143 seconds 
========================================================================
Received Import Request.
  Time since last request: 39.341679 seconds.
  path: Assets/SpaceSkies Free/Skybox_1/Textures/2K_Resolution/Back_2K_TEX.png
  artifactKey: Guid(20e38473ff639ed429d08288b1db43c8) Importer(815301076,1909f56bfc062723c751e8b465ee728b)
Start importing Assets/SpaceSkies Free/Skybox_1/Textures/2K_Resolution/Back_2K_TEX.png using Guid(20e38473ff639ed429d08288b1db43c8) Importer(815301076,1909f56bfc062723c751e8b465ee728b)  -> (artifact id: '5c8efe165c3023e5f33a98d3479202f1') in 0.065686 seconds 
========================================================================
Received Import Request.
  Time since last request: 0.000218 seconds.
  path: Assets/SpaceSkies Free/Skybox_1/Textures/2K_Resolution/Down_2K_TEX.png
  artifactKey: Guid(fcc68c2cbd648c943a4a182eb75c5aec) Importer(815301076,1909f56bfc062723c751e8b465ee728b)
Start importing Assets/SpaceSkies Free/Skybox_1/Textures/2K_Resolution/Down_2K_TEX.png using Guid(fcc68c2cbd648c943a4a182eb75c5aec) Importer(815301076,1909f56bfc062723c751e8b465ee728b)  -> (artifact id: '1e9cc98b024dfb9944358971724f83c3') in 0.030540 seconds 
========================================================================
Received Import Request.
  Time since last request: 0.000077 seconds.
  path: Assets/SpaceSkies Free/Skybox_1/Textures/2K_Resolution/Right_2K_TEX.png
  artifactKey: Guid(0f0052075ea2b254cb5a17bca8f04edb) Importer(815301076,1909f56bfc062723c751e8b465ee728b)
Start importing Assets/SpaceSkies Free/Skybox_1/Textures/2K_Resolution/Right_2K_TEX.png using Guid(0f0052075ea2b254cb5a17bca8f04edb) Importer(815301076,1909f56bfc062723c751e8b465ee728b)  -> (artifact id: '0be7d8825069e8f78aa93a4d23d8a48e') in 0.031605 seconds 
========================================================================
Received Import Request.
  Time since last request: 1.482541 seconds.
  path: Assets/SpaceSkies Free/Skybox_1/Textures/4K_Resolution/Back_4K_TEX.png
  artifactKey: Guid(ea75323f20e3eaa4ea6cd5ae9763e5bd) Importer(815301076,1909f56bfc062723c751e8b465ee728b)
Start importing Assets/SpaceSkies Free/Skybox_1/Textures/4K_Resolution/Back_4K_TEX.png using Guid(ea75323f20e3eaa4ea6cd5ae9763e5bd) Importer(815301076,1909f56bfc062723c751e8b465ee728b)  -> (artifact id: '4faac2dd80ac7aec82b0972cc1f2a499') in 0.016891 seconds 
========================================================================
Received Import Request.
  Time since last request: 0.000084 seconds.
  path: Assets/SpaceSkies Free/Skybox_1/Textures/4K_Resolution/Left_4K_TEX.png
  artifactKey: Guid(0df7cac303be5da4b8a48d3fef142f03) Importer(815301076,1909f56bfc062723c751e8b465ee728b)
Start importing Assets/SpaceSkies Free/Skybox_1/Textures/4K_Resolution/Left_4K_TEX.png using Guid(0df7cac303be5da4b8a48d3fef142f03) Importer(815301076,1909f56bfc062723c751e8b465ee728b)  -> (artifact id: 'feeeb0b724cd0c211799ada401158d5b') in 0.015749 seconds 
========================================================================
Received Import Request.
  Time since last request: 0.000139 seconds.
  path: Assets/SpaceSkies Free/Skybox_1/Textures/4K_Resolution/Down_4K_TEX.png
  artifactKey: Guid(3f3332868f90d9247ba60a10ab3edf8f) Importer(815301076,1909f56bfc062723c751e8b465ee728b)
Start importing Assets/SpaceSkies Free/Skybox_1/Textures/4K_Resolution/Down_4K_TEX.png using Guid(3f3332868f90d9247ba60a10ab3edf8f) Importer(815301076,1909f56bfc062723c751e8b465ee728b)  -> (artifact id: '2dac9ca6cd60a3b9046205685f4f1d38') in 0.014105 seconds 
========================================================================
Received Import Request.
  Time since last request: 3.102747 seconds.
  path: Assets/SpaceSkies Free/Skybox_2/Green_2K_Resoution.mat
  artifactKey: Guid(269967744bbed1849a317b8175dc3f43) Importer(815301076,1909f56bfc062723c751e8b465ee728b)
Start importing Assets/SpaceSkies Free/Skybox_2/Green_2K_Resoution.mat using Guid(269967744bbed1849a317b8175dc3f43) Importer(815301076,1909f56bfc062723c751e8b465ee728b)  -> (artifact id: '18168afba6e709eb898ca904e5d0a379') in 0.069013 seconds 
========================================================================
Received Import Request.
  Time since last request: 0.790931 seconds.
  path: Assets/SpaceSkies Free/Skybox_2/Textures/1K_Resolution/Back_1K_TEX.png
  artifactKey: Guid(7f70ef9b5ccc29d499ca59165e47fb77) Importer(815301076,1909f56bfc062723c751e8b465ee728b)
Start importing Assets/SpaceSkies Free/Skybox_2/Textures/1K_Resolution/Back_1K_TEX.png using Guid(7f70ef9b5ccc29d499ca59165e47fb77) Importer(815301076,1909f56bfc062723c751e8b465ee728b)  -> (artifact id: '5e801f0eed189f3373c5fe0123aa2a3e') in 0.013017 seconds 
========================================================================
Received Import Request.
  Time since last request: 0.000062 seconds.
  path: Assets/SpaceSkies Free/Skybox_2/Textures/1K_Resolution/Left_1K_TEX.png
  artifactKey: Guid(d993ced003ce4db428db820c5408c06c) Importer(815301076,1909f56bfc062723c751e8b465ee728b)
Start importing Assets/SpaceSkies Free/Skybox_2/Textures/1K_Resolution/Left_1K_TEX.png using Guid(d993ced003ce4db428db820c5408c06c) Importer(815301076,1909f56bfc062723c751e8b465ee728b)  -> (artifact id: '9935e826c9a3f975d1e5e0a52dac4bbc') in 0.010590 seconds 
========================================================================
Received Import Request.
  Time since last request: 0.000116 seconds.
  path: Assets/SpaceSkies Free/Skybox_2/Textures/1K_Resolution/Up_1K_TEX.png
  artifactKey: Guid(de08a4479f1bab54f83be26de404f384) Importer(815301076,1909f56bfc062723c751e8b465ee728b)
Start importing Assets/SpaceSkies Free/Skybox_2/Textures/1K_Resolution/Up_1K_TEX.png using Guid(de08a4479f1bab54f83be26de404f384) Importer(815301076,1909f56bfc062723c751e8b465ee728b)  -> (artifact id: '9921708b94a0beb50cab05797fd56231') in 0.012135 seconds 
========================================================================
Received Import Request.
  Time since last request: 0.877895 seconds.
  path: Assets/SpaceSkies Free/Skybox_2/Textures/2K_Resolution/Back_2K_TEX.png
  artifactKey: Guid(33bb4058bb27cfe4e89d7c517f5ab86d) Importer(815301076,1909f56bfc062723c751e8b465ee728b)
Start importing Assets/SpaceSkies Free/Skybox_2/Textures/2K_Resolution/Back_2K_TEX.png using Guid(33bb4058bb27cfe4e89d7c517f5ab86d) Importer(815301076,1909f56bfc062723c751e8b465ee728b)  -> (artifact id: 'cefc8938eee4ab18c5114ca2ac13a1f4') in 0.019040 seconds 
========================================================================
Received Import Request.
  Time since last request: 0.000063 seconds.
  path: Assets/SpaceSkies Free/Skybox_2/Textures/2K_Resolution/Right_2K_TEX.png
  artifactKey: Guid(92654ee8962c0d54b938abcb5ea5887b) Importer(815301076,1909f56bfc062723c751e8b465ee728b)
Start importing Assets/SpaceSkies Free/Skybox_2/Textures/2K_Resolution/Right_2K_TEX.png using Guid(92654ee8962c0d54b938abcb5ea5887b) Importer(815301076,1909f56bfc062723c751e8b465ee728b)  -> (artifact id: '73a11cfd9bb92a24223e3ec0193dfccf') in 0.014475 seconds 
========================================================================
Received Import Request.
  Time since last request: 0.000141 seconds.
  path: Assets/SpaceSkies Free/Skybox_2/Textures/2K_Resolution/Left_2K_TEX.png
  artifactKey: Guid(9ce30f16c60a000408fcdd7875fa11a7) Importer(815301076,1909f56bfc062723c751e8b465ee728b)
Start importing Assets/SpaceSkies Free/Skybox_2/Textures/2K_Resolution/Left_2K_TEX.png using Guid(9ce30f16c60a000408fcdd7875fa11a7) Importer(815301076,1909f56bfc062723c751e8b465ee728b)  -> (artifact id: 'eaa5d7028c72655f4d52441196630e3b') in 0.013515 seconds 
========================================================================
Received Import Request.
  Time since last request: 0.580219 seconds.
  path: Assets/SpaceSkies Free/Skybox_2/Textures/4K_Resolution/Back_4K_TEX.png
  artifactKey: Guid(1886fe84c8912234586d4423d3439af7) Importer(815301076,1909f56bfc062723c751e8b465ee728b)
Start importing Assets/SpaceSkies Free/Skybox_2/Textures/4K_Resolution/Back_4K_TEX.png using Guid(1886fe84c8912234586d4423d3439af7) Importer(815301076,1909f56bfc062723c751e8b465ee728b)  -> (artifact id: '0f6699db6c20c6024bbfcbea91dfe125') in 0.013176 seconds 
========================================================================
Received Import Request.
  Time since last request: 0.000056 seconds.
  path: Assets/SpaceSkies Free/Skybox_2/Textures/4K_Resolution/Right_4K_TEX.png
  artifactKey: Guid(7f2abb6c41baed84a8eb41adc730dd6d) Importer(815301076,1909f56bfc062723c751e8b465ee728b)
Start importing Assets/SpaceSkies Free/Skybox_2/Textures/4K_Resolution/Right_4K_TEX.png using Guid(7f2abb6c41baed84a8eb41adc730dd6d) Importer(815301076,1909f56bfc062723c751e8b465ee728b)  -> (artifact id: 'c32997c77d9b771ab719ad4c43880509') in 0.016223 seconds 
========================================================================
Received Import Request.
  Time since last request: 0.000093 seconds.
  path: Assets/SpaceSkies Free/Skybox_2/Textures/4K_Resolution/Left_4K_TEX.png
  artifactKey: Guid(50e9f1a69832c5244a6ac020a6b0bba6) Importer(815301076,1909f56bfc062723c751e8b465ee728b)
Start importing Assets/SpaceSkies Free/Skybox_2/Textures/4K_Resolution/Left_4K_TEX.png using Guid(50e9f1a69832c5244a6ac020a6b0bba6) Importer(815301076,1909f56bfc062723c751e8b465ee728b)  -> (artifact id: '8fc1a99b5ef98b0fe08e28ab00cb16d6') in 0.013761 seconds 
========================================================================
Received Import Request.
  Time since last request: 80.959076 seconds.
  path: Assets/Vast Outer Space/Meshes/Planet_Rings.fbx
  artifactKey: Guid(8ac9969cd5be28241b55dbf277b11b63) Importer(815301076,1909f56bfc062723c751e8b465ee728b)
Start importing Assets/Vast Outer Space/Meshes/Planet_Rings.fbx using Guid(8ac9969cd5be28241b55dbf277b11b63) Importer(815301076,1909f56bfc062723c751e8b465ee728b)  -> (artifact id: '3bf6771b1abd3fea170863d108e20493') in 0.942171 seconds 
