Unity Editor version:    2021.3.8f1 (b30333d56e81)
Branch:                  2021.3/staging
Build type:              Release
Batch mode:              YES
macOS version:           Version 12.3.1 (Build 21E258)
Darwin version:          21.4.0
Architecture:            x86_64
Running under Rosetta:   YES
Available memory:        8192 MB
Using pre-set license
Pro License: YES

COMMAND LINE ARGUMENTS:
/Applications/Unity/Hub/Editor/2021.3.8f1/Unity.app/Contents/MacOS/Unity
-adb2
-batchMode
-noUpm
-name
AssetImportWorker1
-projectPath
/Users/sukanyachopra/Desktop/Multiverse-4/Multi-4
-logFile
Logs/AssetImportWorker1.log
-srvPort
57589
Successfully changed project path to: /Users/sukanyachopra/Desktop/Multiverse-4/Multi-4
/Users/sukanyachopra/Desktop/Multiverse-4/Multi-4
[UnityMemory] Configuration Parameters - Can be set up in boot.config
    "memorysetup-bucket-allocator-granularity=16"
    "memorysetup-bucket-allocator-bucket-count=8"
    "memorysetup-bucket-allocator-block-size=33554432"
    "memorysetup-bucket-allocator-block-count=8"
    "memorysetup-main-allocator-block-size=16777216"
    "memorysetup-thread-allocator-block-size=16777216"
    "memorysetup-gfx-main-allocator-block-size=16777216"
    "memorysetup-gfx-thread-allocator-block-size=16777216"
    "memorysetup-cache-allocator-block-size=4194304"
    "memorysetup-typetree-allocator-block-size=2097152"
    "memorysetup-profiler-bucket-allocator-granularity=16"
    "memorysetup-profiler-bucket-allocator-bucket-count=8"
    "memorysetup-profiler-bucket-allocator-block-size=33554432"
    "memorysetup-profiler-bucket-allocator-block-count=8"
    "memorysetup-profiler-allocator-block-size=16777216"
    "memorysetup-profiler-editor-allocator-block-size=1048576"
    "memorysetup-temp-allocator-size-main=16777216"
    "memorysetup-job-temp-allocator-block-size=2097152"
    "memorysetup-job-temp-allocator-block-size-background=1048576"
    "memorysetup-job-temp-allocator-reduction-small-platforms=262144"
    "memorysetup-temp-allocator-size-background-worker=32768"
    "memorysetup-temp-allocator-size-job-worker=262144"
    "memorysetup-temp-allocator-size-preload-manager=33554432"
    "memorysetup-temp-allocator-size-nav-mesh-worker=65536"
    "memorysetup-temp-allocator-size-audio-worker=65536"
    "memorysetup-temp-allocator-size-cloud-worker=32768"
    "memorysetup-temp-allocator-size-gi-baking-worker=262144"
    "memorysetup-temp-allocator-size-gfx=262144"
Refreshing native plugins compatible for Editor in 306.63 ms, found 2 plugins.
Preloading 0 native plugins for Editor in 0.00 ms.
Initialize engine version: 2021.3.8f1 (b30333d56e81)
[Subsystems] Discovering subsystems at path /Applications/Unity/Hub/Editor/2021.3.8f1/Unity.app/Contents/Resources/UnitySubsystems
[Subsystems] Discovering subsystems at path /Users/sukanyachopra/Desktop/Multiverse-4/Multi-4/Assets
GfxDevice: creating device client; threaded=0; jobified=0
 preferred device: Apple M1 (high power)
Metal devices available: 1
0: Apple M1 (high power)
Using device Apple M1 (high power)
Initializing Metal device caps: Apple M1
Initialize mono
Mono path[0] = '/Applications/Unity/Hub/Editor/2021.3.8f1/Unity.app/Contents/Managed'
Mono path[1] = '/Applications/Unity/Hub/Editor/2021.3.8f1/Unity.app/Contents/MonoBleedingEdge/lib/mono/unityjit-macos'
Mono config path = '/Applications/Unity/Hub/Editor/2021.3.8f1/Unity.app/Contents/MonoBleedingEdge/etc'
Using monoOptions --debugger-agent=transport=dt_socket,embedding=1,server=y,suspend=n,address=127.0.0.1:56877
Begin MonoManager ReloadAssembly
Registering precompiled unity dll's ...
Register platform support module: /Applications/Unity/Hub/Editor/2021.3.8f1/PlaybackEngines/WebGLSupport/UnityEditor.WebGL.Extensions.dll
Register platform support module: /Applications/Unity/Hub/Editor/2021.3.8f1/Unity.app/Contents/PlaybackEngines/MacStandaloneSupport/UnityEditor.OSXStandalone.Extensions.dll
Registered in 0.001024 seconds.
Native extension for OSXStandalone target not found
Native extension for WebGL target not found
Refreshing native plugins compatible for Editor in 159.74 ms, found 2 plugins.
Preloading 0 native plugins for Editor in 0.00 ms.
Mono: successfully reloaded assembly
- Completed reload, in  2.287 seconds
Domain Reload Profiling:
	ReloadAssembly (2289ms)
		BeginReloadAssembly (219ms)
			ExecutionOrderSort (0ms)
			DisableScriptedObjects (0ms)
			BackupInstance (0ms)
			ReleaseScriptingObjects (0ms)
			CreateAndSetChildDomain (10ms)
		EndReloadAssembly (1712ms)
			LoadAssemblies (208ms)
			RebuildTransferFunctionScriptingTraits (0ms)
			SetupTypeCache (220ms)
			ReleaseScriptCaches (0ms)
			RebuildScriptCaches (61ms)
			SetupLoadedEditorAssemblies (1211ms)
				LogAssemblyErrors (0ms)
				InitializePlatformSupportModulesInManaged (28ms)
				SetLoadedEditorAssemblies (1ms)
				RefreshPlugins (160ms)
				BeforeProcessingInitializeOnLoad (5ms)
				ProcessInitializeOnLoadAttributes (763ms)
				ProcessInitializeOnLoadMethodAttributes (255ms)
				AfterProcessingInitializeOnLoad (0ms)
				EditorAssembliesLoaded (1ms)
			ExecutionOrderSort2 (0ms)
			AwakeInstancesAfterBackupRestoration (0ms)
Platform modules already initialized, skipping
Registering precompiled user dll's ...
Registered in 0.003144 seconds.
Begin MonoManager ReloadAssembly
Symbol file LoadedFromMemory doesn't match image /Users/sukanyachopra/Desktop/Multiverse-4/Multi-4/Library/PackageCache/com.unity.visualscripting@1.7.8/Editor/VisualScripting.Core/Dependencies/YamlDotNet/Unity.VisualScripting.YamlDotNet.dll
Symbol file LoadedFromMemory doesn't match image /Users/sukanyachopra/Desktop/Multiverse-4/Multi-4/Library/PackageCache/com.unity.visualscripting@1.7.8/Editor/VisualScripting.Core/Dependencies/DotNetZip/Unity.VisualScripting.IonicZip.dll
Native extension for OSXStandalone target not found
Native extension for WebGL target not found
Refreshing native plugins compatible for Editor in 1.38 ms, found 2 plugins.
Preloading 0 native plugins for Editor in 0.00 ms.
Mono: successfully reloaded assembly
- Completed reload, in  3.730 seconds
Domain Reload Profiling:
	ReloadAssembly (3736ms)
		BeginReloadAssembly (368ms)
			ExecutionOrderSort (0ms)
			DisableScriptedObjects (65ms)
			BackupInstance (0ms)
			ReleaseScriptingObjects (0ms)
			CreateAndSetChildDomain (47ms)
		EndReloadAssembly (2861ms)
			LoadAssemblies (182ms)
			RebuildTransferFunctionScriptingTraits (0ms)
			SetupTypeCache (546ms)
			ReleaseScriptCaches (1ms)
			RebuildScriptCaches (98ms)
			SetupLoadedEditorAssemblies (1789ms)
				LogAssemblyErrors (0ms)
				InitializePlatformSupportModulesInManaged (30ms)
				SetLoadedEditorAssemblies (2ms)
				RefreshPlugins (1ms)
				BeforeProcessingInitializeOnLoad (209ms)
				ProcessInitializeOnLoadAttributes (1372ms)
				ProcessInitializeOnLoadMethodAttributes (173ms)
				AfterProcessingInitializeOnLoad (1ms)
				EditorAssembliesLoaded (0ms)
			ExecutionOrderSort2 (0ms)
			AwakeInstancesAfterBackupRestoration (15ms)
Platform modules already initialized, skipping
========================================================================
Worker process is ready to serve import requests
Launching external process: /Applications/Unity/Hub/Editor/2021.3.8f1/Unity.app/Contents/Tools/UnityShaderCompiler
Launched and connected shader compiler UnityShaderCompiler after 0.14 seconds
Refreshing native plugins compatible for Editor in 0.90 ms, found 2 plugins.
Preloading 0 native plugins for Editor in 0.00 ms.
Unloading 3379 Unused Serialized files (Serialized files now loaded: 0)
Unloading 27 unused Assets / (94.8 KB). Loaded Objects now: 3840.
Memory consumption went from 230.5 MB to 230.4 MB.
Total: 5.302375 ms (FindLiveObjects: 0.312166 ms CreateObjectMapping: 0.150958 ms MarkObjects: 4.604167 ms  DeleteObjects: 0.233625 ms)

AssetImportParameters requested are different than current active one (requested -> active):
  custom:video-decoder-ogg-theora: a1e56fd34408186e4bbccfd4996cb3dc -> 
  custom:container-muxer-webm: aa71ff27fc2769a1b78a27578f13a17b -> 
  custom:container-demuxer-webm: 4f35f7cbe854078d1ac9338744f61a02 -> 
  custom:video-encoder-webm-vp8: eb34c28f22e8b96e1ab97ce403110664 -> 
  custom:framework-osx-AVFoundation: e770b220cccbd017edd2c1fefb359320 -> 
  custom:audio-encoder-webm-vorbis: bf7c407c2cedff20999df2af8eb42d56 -> 
  custom:container-demuxer-ogg: 62fdf1f143b41e24485cea50d1cbac27 -> 
  custom:video-decoder-webm-vp8: 9c59270c3fd7afecdb556c50c9e8de78 -> 
  custom:audio-decoder-ogg-vorbis: bf7c407c2cedff20999df2af8eb42d56 -> 
========================================================================
Received Import Request.
  Time since last request: 143653.024774 seconds.
  path: Assets/Vast Outer Space/Meshes/Planets.fbx
  artifactKey: Guid(239b7f955033e6a43a5bb6e9999d3f34) Importer(815301076,1909f56bfc062723c751e8b465ee728b)
Start importing Assets/Vast Outer Space/Meshes/Planets.fbx using Guid(239b7f955033e6a43a5bb6e9999d3f34) Importer(815301076,1909f56bfc062723c751e8b465ee728b)  -> (artifact id: '5f16bea3c0c58e21d8558d2b95e1469e') in 1.825925 seconds 
========================================================================
Received Prepare
Registering precompiled user dll's ...
Registered in 0.002700 seconds.
Begin MonoManager ReloadAssembly
Symbol file LoadedFromMemory doesn't match image /Users/sukanyachopra/Desktop/Multiverse-4/Multi-4/Library/PackageCache/com.unity.visualscripting@1.7.8/Editor/VisualScripting.Core/Dependencies/YamlDotNet/Unity.VisualScripting.YamlDotNet.dll
Symbol file LoadedFromMemory doesn't match image /Users/sukanyachopra/Desktop/Multiverse-4/Multi-4/Library/PackageCache/com.unity.visualscripting@1.7.8/Editor/VisualScripting.Core/Dependencies/DotNetZip/Unity.VisualScripting.IonicZip.dll
Native extension for OSXStandalone target not found
Native extension for WebGL target not found
Refreshing native plugins compatible for Editor in 2.00 ms, found 2 plugins.
Preloading 0 native plugins for Editor in 0.00 ms.
Mono: successfully reloaded assembly
- Completed reload, in  4.458 seconds
Domain Reload Profiling:
	ReloadAssembly (4461ms)
		BeginReloadAssembly (594ms)
			ExecutionOrderSort (0ms)
			DisableScriptedObjects (74ms)
			BackupInstance (0ms)
			ReleaseScriptingObjects (0ms)
			CreateAndSetChildDomain (175ms)
		EndReloadAssembly (3457ms)
			LoadAssemblies (255ms)
			RebuildTransferFunctionScriptingTraits (0ms)
			SetupTypeCache (576ms)
			ReleaseScriptCaches (3ms)
			RebuildScriptCaches (101ms)
			SetupLoadedEditorAssemblies (2198ms)
				LogAssemblyErrors (0ms)
				InitializePlatformSupportModulesInManaged (61ms)
				SetLoadedEditorAssemblies (2ms)
				RefreshPlugins (2ms)
				BeforeProcessingInitializeOnLoad (204ms)
				ProcessInitializeOnLoadAttributes (1740ms)
				ProcessInitializeOnLoadMethodAttributes (185ms)
				AfterProcessingInitializeOnLoad (2ms)
				EditorAssembliesLoaded (1ms)
			ExecutionOrderSort2 (0ms)
			AwakeInstancesAfterBackupRestoration (18ms)
Platform modules already initialized, skipping
Refreshing native plugins compatible for Editor in 1.99 ms, found 2 plugins.
Preloading 0 native plugins for Editor in 0.00 ms.
Unloading 3372 Unused Serialized files (Serialized files now loaded: 0)
Unloading 22 unused Assets / (71.3 KB). Loaded Objects now: 3851.
Memory consumption went from 239.4 MB to 239.4 MB.
Total: 3.948500 ms (FindLiveObjects: 0.260333 ms CreateObjectMapping: 0.172292 ms MarkObjects: 3.401875 ms  DeleteObjects: 0.113125 ms)

AssetImportParameters requested are different than current active one (requested -> active):
  custom:video-decoder-ogg-theora: a1e56fd34408186e4bbccfd4996cb3dc -> 
  custom:container-muxer-webm: aa71ff27fc2769a1b78a27578f13a17b -> 
  custom:container-demuxer-webm: 4f35f7cbe854078d1ac9338744f61a02 -> 
  custom:video-encoder-webm-vp8: eb34c28f22e8b96e1ab97ce403110664 -> 
  custom:framework-osx-AVFoundation: e770b220cccbd017edd2c1fefb359320 -> 
  custom:audio-encoder-webm-vorbis: bf7c407c2cedff20999df2af8eb42d56 -> 
  custom:container-demuxer-ogg: 62fdf1f143b41e24485cea50d1cbac27 -> 
  custom:video-decoder-webm-vp8: 9c59270c3fd7afecdb556c50c9e8de78 -> 
  custom:audio-decoder-ogg-vorbis: bf7c407c2cedff20999df2af8eb42d56 -> 
========================================================================
Received Import Request.
  Time since last request: 984.507739 seconds.
  path: Assets/JUHWAN/Obelisk_void/Textures/Obelisk_zodiac_low_obelisk_zodiac_AO.png
  artifactKey: Guid(1eb603735a5c86343b640d6533dd8095) Importer(815301076,1909f56bfc062723c751e8b465ee728b)
Start importing Assets/JUHWAN/Obelisk_void/Textures/Obelisk_zodiac_low_obelisk_zodiac_AO.png using Guid(1eb603735a5c86343b640d6533dd8095) Importer(815301076,1909f56bfc062723c751e8b465ee728b)  -> (artifact id: 'f4bec90254e8aa2d54563c7ef404ff0a') in 0.979329 seconds 
========================================================================
Received Import Request.
  Time since last request: 0.000238 seconds.
  path: Assets/JUHWAN/Obelisk_void/Textures/Obelisk_zodiac_low_obelisk_zodiac_Normal.png
  artifactKey: Guid(d4ca6066ca68f29429b1ee413d1a6f02) Importer(815301076,1909f56bfc062723c751e8b465ee728b)
Start importing Assets/JUHWAN/Obelisk_void/Textures/Obelisk_zodiac_low_obelisk_zodiac_Normal.png using Guid(d4ca6066ca68f29429b1ee413d1a6f02) Importer(815301076,1909f56bfc062723c751e8b465ee728b)  -> (artifact id: 'b15257f1e2b2beed50db8965043f02c1') in 0.096863 seconds 
========================================================================
Received Import Request.
  Time since last request: 1975.763046 seconds.
  path: Assets/Vast Outer Space/Textures/Nebula_C.png
  artifactKey: Guid(1fe5007a1f19b7f43a67d7f7027c75a4) Importer(815301076,1909f56bfc062723c751e8b465ee728b)
Start importing Assets/Vast Outer Space/Textures/Nebula_C.png using Guid(1fe5007a1f19b7f43a67d7f7027c75a4) Importer(815301076,1909f56bfc062723c751e8b465ee728b)  -> (artifact id: 'f2c28cd226d3631e5db338b2e6f0f55d') in 0.192715 seconds 
========================================================================
Received Import Request.
  Time since last request: 0.000266 seconds.
  path: Assets/Vast Outer Space/Textures/Skybox_A.png
  artifactKey: Guid(b22a16d7bf17a424fb5b2629315bbd5d) Importer(815301076,1909f56bfc062723c751e8b465ee728b)
Start importing Assets/Vast Outer Space/Textures/Skybox_A.png using Guid(b22a16d7bf17a424fb5b2629315bbd5d) Importer(815301076,1909f56bfc062723c751e8b465ee728b)  -> (artifact id: '6d80bb46e8e3dc4b677ef66c2b2bf0f4') in 0.028161 seconds 
========================================================================
Received Import Request.
  Time since last request: 0.000098 seconds.
  path: Assets/Vast Outer Space/Textures/Skybox_G.png
  artifactKey: Guid(e3f9ac5661295ca49ac79ee1dddc39fb) Importer(815301076,1909f56bfc062723c751e8b465ee728b)
Start importing Assets/Vast Outer Space/Textures/Skybox_G.png using Guid(e3f9ac5661295ca49ac79ee1dddc39fb) Importer(815301076,1909f56bfc062723c751e8b465ee728b)  -> (artifact id: '6dbaf62e4281f52ca250017d5f79c67a') in 0.017221 seconds 
========================================================================
Received Import Request.
  Time since last request: 0.000105 seconds.
  path: Assets/Vast Outer Space/Textures/Planet_A.png
  artifactKey: Guid(b3b44809915b4b84cad636c2c9c44af2) Importer(815301076,1909f56bfc062723c751e8b465ee728b)
Start importing Assets/Vast Outer Space/Textures/Planet_A.png using Guid(b3b44809915b4b84cad636c2c9c44af2) Importer(815301076,1909f56bfc062723c751e8b465ee728b)  -> (artifact id: 'f6ca1449bca75243a44931fc9a151158') in 0.027743 seconds 
========================================================================
Received Import Request.
  Time since last request: 0.000115 seconds.
  path: Assets/Vast Outer Space/Textures/Planet_G.png
  artifactKey: Guid(6d5de3c869c1acd4398aa05ab0ce044e) Importer(815301076,1909f56bfc062723c751e8b465ee728b)
Start importing Assets/Vast Outer Space/Textures/Planet_G.png using Guid(6d5de3c869c1acd4398aa05ab0ce044e) Importer(815301076,1909f56bfc062723c751e8b465ee728b)  -> (artifact id: '21e9499d8e35d824def875093b83aff5') in 0.016867 seconds 
========================================================================
Received Import Request.
  Time since last request: 0.000099 seconds.
  path: Assets/Vast Outer Space/Textures/Planet_Ring_C2.png
  artifactKey: Guid(95b3d0a6bedf8094a867056c84eca913) Importer(815301076,1909f56bfc062723c751e8b465ee728b)
Start importing Assets/Vast Outer Space/Textures/Planet_Ring_C2.png using Guid(95b3d0a6bedf8094a867056c84eca913) Importer(815301076,1909f56bfc062723c751e8b465ee728b)  -> (artifact id: 'd2c27fb0c5d677660ce23f177dd564ad') in 0.034677 seconds 
========================================================================
Received Import Request.
  Time since last request: 0.000101 seconds.
  path: Assets/Vast Outer Space/Textures/Planet_Ring_A1.png
  artifactKey: Guid(78c8e5f97e2b09445a7adb305681d5ec) Importer(815301076,1909f56bfc062723c751e8b465ee728b)
Start importing Assets/Vast Outer Space/Textures/Planet_Ring_A1.png using Guid(78c8e5f97e2b09445a7adb305681d5ec) Importer(815301076,1909f56bfc062723c751e8b465ee728b)  -> (artifact id: 'dbfa635eb42d97f32ae1891c0b5096d2') in 0.025918 seconds 
========================================================================
Received Import Request.
  Time since last request: 0.000106 seconds.
  path: Assets/Vast Outer Space/Textures/Planet_K_NRM.png
  artifactKey: Guid(9090673d23510d74ebbe1d47e1689a3c) Importer(815301076,1909f56bfc062723c751e8b465ee728b)
Start importing Assets/Vast Outer Space/Textures/Planet_K_NRM.png using Guid(9090673d23510d74ebbe1d47e1689a3c) Importer(815301076,1909f56bfc062723c751e8b465ee728b)  -> (artifact id: '080111e0b554c8c13995e6e7510a4fea') in 0.022044 seconds 
========================================================================
Received Import Request.
  Time since last request: 0.000098 seconds.
  path: Assets/Vast Outer Space/Textures/Nebula_F.png
  artifactKey: Guid(810be4a0ec278a44599d0befb5905f89) Importer(815301076,1909f56bfc062723c751e8b465ee728b)
Start importing Assets/Vast Outer Space/Textures/Nebula_F.png using Guid(810be4a0ec278a44599d0befb5905f89) Importer(815301076,1909f56bfc062723c751e8b465ee728b)  -> (artifact id: 'b0c0d7bffd3be110dc0dbedb7f84ecd8') in 0.032409 seconds 
========================================================================
Received Import Request.
  Time since last request: 0.000084 seconds.
  path: Assets/Vast Outer Space/Textures/Planet_G_NRM.png
  artifactKey: Guid(5f82e1114f0c4b54e9ddf2d32b494a0b) Importer(815301076,1909f56bfc062723c751e8b465ee728b)
Start importing Assets/Vast Outer Space/Textures/Planet_G_NRM.png using Guid(5f82e1114f0c4b54e9ddf2d32b494a0b) Importer(815301076,1909f56bfc062723c751e8b465ee728b)  -> (artifact id: '306e2e89ab8ecfad9782e4bf8d861770') in 0.057552 seconds 
========================================================================
Received Import Request.
  Time since last request: 0.000097 seconds.
  path: Assets/Vast Outer Space/Textures/Planet_E_NRM.png
  artifactKey: Guid(1c31e5fccc965f644a46180134398c92) Importer(815301076,1909f56bfc062723c751e8b465ee728b)
Start importing Assets/Vast Outer Space/Textures/Planet_E_NRM.png using Guid(1c31e5fccc965f644a46180134398c92) Importer(815301076,1909f56bfc062723c751e8b465ee728b)  -> (artifact id: '3b1d56680c930969eb07c792fb7c0df1') in 0.027026 seconds 
========================================================================
Received Import Request.
  Time since last request: 0.000088 seconds.
  path: Assets/Vast Outer Space/Textures/Nebula_E.png
  artifactKey: Guid(7e4d8ab652cb609449632e3959fa1df0) Importer(815301076,1909f56bfc062723c751e8b465ee728b)
Start importing Assets/Vast Outer Space/Textures/Nebula_E.png using Guid(7e4d8ab652cb609449632e3959fa1df0) Importer(815301076,1909f56bfc062723c751e8b465ee728b)  -> (artifact id: '0279f9770cbc5cc59863d706150e19dd') in 0.020499 seconds 
========================================================================
Received Import Request.
  Time since last request: 0.000420 seconds.
  path: Assets/Vast Outer Space/Textures/Planet_J.png
  artifactKey: Guid(9f96f421c017fe24eb368f2e4d740b33) Importer(815301076,1909f56bfc062723c751e8b465ee728b)
Start importing Assets/Vast Outer Space/Textures/Planet_J.png using Guid(9f96f421c017fe24eb368f2e4d740b33) Importer(815301076,1909f56bfc062723c751e8b465ee728b)  -> (artifact id: 'fb67af26f87ca87bd0a1f66e7f81a1bd') in 0.061607 seconds 
========================================================================
Received Import Request.
  Time since last request: 0.000212 seconds.
  path: Assets/Vast Outer Space/Textures/Nebula_DE.png
  artifactKey: Guid(e2ccc5cae85c73e449c5c5b58d522b03) Importer(815301076,1909f56bfc062723c751e8b465ee728b)
Start importing Assets/Vast Outer Space/Textures/Nebula_DE.png using Guid(e2ccc5cae85c73e449c5c5b58d522b03) Importer(815301076,1909f56bfc062723c751e8b465ee728b)  -> (artifact id: '08472a6afb47e9e9daa236dad800822b') in 0.024279 seconds 
========================================================================
Received Import Request.
  Time since last request: 0.000213 seconds.
  path: Assets/Vast Outer Space/Textures/Nebula_DEF.png
  artifactKey: Guid(0609b2be8bc994742a06af77447b6f3a) Importer(815301076,1909f56bfc062723c751e8b465ee728b)
Start importing Assets/Vast Outer Space/Textures/Nebula_DEF.png using Guid(0609b2be8bc994742a06af77447b6f3a) Importer(815301076,1909f56bfc062723c751e8b465ee728b)  -> (artifact id: '77eb14d6e40e1dca46c64d453eb0a3dc') in 0.019633 seconds 
========================================================================
Received Import Request.
  Time since last request: 0.000272 seconds.
  path: Assets/Vast Outer Space/Textures/Planet_H.png
  artifactKey: Guid(a4920198caf26ae49a714502784604a0) Importer(815301076,1909f56bfc062723c751e8b465ee728b)
Start importing Assets/Vast Outer Space/Textures/Planet_H.png using Guid(a4920198caf26ae49a714502784604a0) Importer(815301076,1909f56bfc062723c751e8b465ee728b)  -> (artifact id: '55560710991ae9b5b91c5554e4ad3c4c') in 0.021033 seconds 
========================================================================
Received Import Request.
  Time since last request: 0.000131 seconds.
  path: Assets/Vast Outer Space/Textures/Planet_J_NRM.png
  artifactKey: Guid(52930f341308c384291ed53a89d3d77f) Importer(815301076,1909f56bfc062723c751e8b465ee728b)
Start importing Assets/Vast Outer Space/Textures/Planet_J_NRM.png using Guid(52930f341308c384291ed53a89d3d77f) Importer(815301076,1909f56bfc062723c751e8b465ee728b)  -> (artifact id: '514a16b4db976a042c317bf764900d3e') in 0.022747 seconds 
========================================================================
Received Import Request.
  Time since last request: 0.000129 seconds.
  path: Assets/Vast Outer Space/Textures/Planet_Ring_A2.png
  artifactKey: Guid(fe63fc6afec978948bf168eafd8b8a3e) Importer(815301076,1909f56bfc062723c751e8b465ee728b)
Start importing Assets/Vast Outer Space/Textures/Planet_Ring_A2.png using Guid(fe63fc6afec978948bf168eafd8b8a3e) Importer(815301076,1909f56bfc062723c751e8b465ee728b)  -> (artifact id: '9c0f5d8ef28aa09f67a1b98016c27307') in 0.036812 seconds 
========================================================================
Received Import Request.
  Time since last request: 0.000164 seconds.
  path: Assets/Vast Outer Space/Textures/Planet_I.png
  artifactKey: Guid(d92fdf7616815c347bc31e3a3131160c) Importer(815301076,1909f56bfc062723c751e8b465ee728b)
Start importing Assets/Vast Outer Space/Textures/Planet_I.png using Guid(d92fdf7616815c347bc31e3a3131160c) Importer(815301076,1909f56bfc062723c751e8b465ee728b)  -> (artifact id: 'e077de686cfdb409123b4f4320c0afc0') in 0.013842 seconds 
========================================================================
Received Import Request.
  Time since last request: 0.000120 seconds.
  path: Assets/Vast Outer Space/Textures/Skybox_F.png
  artifactKey: Guid(ff648fffcb56d5345bf27018fe74b0e3) Importer(815301076,1909f56bfc062723c751e8b465ee728b)
Start importing Assets/Vast Outer Space/Textures/Skybox_F.png using Guid(ff648fffcb56d5345bf27018fe74b0e3) Importer(815301076,1909f56bfc062723c751e8b465ee728b)  -> (artifact id: '96fa743b0764280ce67fc7e3931b64a7') in 0.013395 seconds 
========================================================================
Received Import Request.
  Time since last request: 0.000109 seconds.
  path: Assets/Vast Outer Space/Textures/Nebula_D.png
  artifactKey: Guid(ae8ede87ae88d564195826410a2520d5) Importer(815301076,1909f56bfc062723c751e8b465ee728b)
Start importing Assets/Vast Outer Space/Textures/Nebula_D.png using Guid(ae8ede87ae88d564195826410a2520d5) Importer(815301076,1909f56bfc062723c751e8b465ee728b)  -> (artifact id: '6fba7da8e833f249079d95d2b0544d52') in 0.023975 seconds 
========================================================================
Received Import Request.
  Time since last request: 0.000162 seconds.
  path: Assets/Vast Outer Space/Textures/Planet_L_NRM.png
  artifactKey: Guid(5c84a050e1fe11f44818261f7202ce07) Importer(815301076,1909f56bfc062723c751e8b465ee728b)
Start importing Assets/Vast Outer Space/Textures/Planet_L_NRM.png using Guid(5c84a050e1fe11f44818261f7202ce07) Importer(815301076,1909f56bfc062723c751e8b465ee728b)  -> (artifact id: '178d611043b06410524844179d8a327a') in 0.021737 seconds 
========================================================================
Received Import Request.
  Time since last request: 0.000101 seconds.
  path: Assets/Vast Outer Space/Textures/Nebula_CDE.png
  artifactKey: Guid(623a3a912977e424ab8c8f7fb7902879) Importer(815301076,1909f56bfc062723c751e8b465ee728b)
Start importing Assets/Vast Outer Space/Textures/Nebula_CDE.png using Guid(623a3a912977e424ab8c8f7fb7902879) Importer(815301076,1909f56bfc062723c751e8b465ee728b)  -> (artifact id: 'b933b0fabbe7d0de18d514eaa4f0e354') in 0.023560 seconds 
========================================================================
Received Import Request.
  Time since last request: 0.000122 seconds.
  path: Assets/Vast Outer Space/Textures/Skybox_B.png
  artifactKey: Guid(e1381d795bab9a345b39884d89881f04) Importer(815301076,1909f56bfc062723c751e8b465ee728b)
Start importing Assets/Vast Outer Space/Textures/Skybox_B.png using Guid(e1381d795bab9a345b39884d89881f04) Importer(815301076,1909f56bfc062723c751e8b465ee728b)  -> (artifact id: '5ce5043fdfbf2e27b00d20dc393061c0') in 0.016770 seconds 
========================================================================
Received Import Request.
  Time since last request: 0.000087 seconds.
  path: Assets/Vast Outer Space/Textures/Planet_D.png
  artifactKey: Guid(09fc1a0d2b44735419d8c2f7360066fd) Importer(815301076,1909f56bfc062723c751e8b465ee728b)
Start importing Assets/Vast Outer Space/Textures/Planet_D.png using Guid(09fc1a0d2b44735419d8c2f7360066fd) Importer(815301076,1909f56bfc062723c751e8b465ee728b)  -> (artifact id: '084e59aba9e1c45db211af5ab987cbaf') in 0.016663 seconds 
========================================================================
Received Import Request.
  Time since last request: 0.000091 seconds.
  path: Assets/Vast Outer Space/Textures/Planet_F.png
  artifactKey: Guid(ac9c9b6be25556a49b5960f1cfe32390) Importer(815301076,1909f56bfc062723c751e8b465ee728b)
Start importing Assets/Vast Outer Space/Textures/Planet_F.png using Guid(ac9c9b6be25556a49b5960f1cfe32390) Importer(815301076,1909f56bfc062723c751e8b465ee728b)  -> (artifact id: '46b137fa3b92855cb3ad75fbe32d6987') in 0.016315 seconds 
========================================================================
Received Import Request.
  Time since last request: 0.000069 seconds.
  path: Assets/Vast Outer Space/Textures/Sun.png
  artifactKey: Guid(80688ca2a7d91a24f8756719c2b9ad06) Importer(815301076,1909f56bfc062723c751e8b465ee728b)
Start importing Assets/Vast Outer Space/Textures/Sun.png using Guid(80688ca2a7d91a24f8756719c2b9ad06) Importer(815301076,1909f56bfc062723c751e8b465ee728b)  -> (artifact id: '5b2c9d1b700fa2dd0fd2844ffb365014') in 0.015061 seconds 
========================================================================
Received Import Request.
  Time since last request: 0.000109 seconds.
  path: Assets/Vast Outer Space/Textures/Star_Yellow.png
  artifactKey: Guid(fc0dd439efb36ae439cf9f363ef56eb7) Importer(815301076,1909f56bfc062723c751e8b465ee728b)
Start importing Assets/Vast Outer Space/Textures/Star_Yellow.png using Guid(fc0dd439efb36ae439cf9f363ef56eb7) Importer(815301076,1909f56bfc062723c751e8b465ee728b)  -> (artifact id: 'b0491d4a0ae8f7dd2f2afda74e366331') in 0.019641 seconds 
========================================================================
Received Import Request.
  Time since last request: 0.000084 seconds.
  path: Assets/Vast Outer Space/Textures/Star_Pink.png
  artifactKey: Guid(111f2668fdc76024c9f8860c4b00b850) Importer(815301076,1909f56bfc062723c751e8b465ee728b)
Start importing Assets/Vast Outer Space/Textures/Star_Pink.png using Guid(111f2668fdc76024c9f8860c4b00b850) Importer(815301076,1909f56bfc062723c751e8b465ee728b)  -> (artifact id: '07cdf11e146758eee60b6c7f9dea2042') in 0.013444 seconds 
========================================================================
Received Import Request.
  Time since last request: 0.000077 seconds.
  path: Assets/Vast Outer Space/Textures/Sun_Flames.png
  artifactKey: Guid(e0f37a9bc9f93a64581072ebab25485c) Importer(815301076,1909f56bfc062723c751e8b465ee728b)
Start importing Assets/Vast Outer Space/Textures/Sun_Flames.png using Guid(e0f37a9bc9f93a64581072ebab25485c) Importer(815301076,1909f56bfc062723c751e8b465ee728b)  -> (artifact id: 'f7a72bdf57254c0ad2fc5849cec54432') in 0.013202 seconds 
========================================================================
Received Import Request.
  Time since last request: 0.000148 seconds.
  path: Assets/Vast Outer Space/Textures/Planet_L.png
  artifactKey: Guid(6bf218ae4a15b3f449e9d0ab1418976a) Importer(815301076,1909f56bfc062723c751e8b465ee728b)
Start importing Assets/Vast Outer Space/Textures/Planet_L.png using Guid(6bf218ae4a15b3f449e9d0ab1418976a) Importer(815301076,1909f56bfc062723c751e8b465ee728b)  -> (artifact id: '6dd74e870ad83fb38ca6469d5d3800d7') in 0.027866 seconds 
========================================================================
Received Import Request.
  Time since last request: 0.000129 seconds.
  path: Assets/Vast Outer Space/Textures/Star_Light_Blue.png
  artifactKey: Guid(57f6d772771c30a4abe68fdc4b216e7e) Importer(815301076,1909f56bfc062723c751e8b465ee728b)
Start importing Assets/Vast Outer Space/Textures/Star_Light_Blue.png using Guid(57f6d772771c30a4abe68fdc4b216e7e) Importer(815301076,1909f56bfc062723c751e8b465ee728b)  -> (artifact id: '35495084dc5c2b84e0d76873207eefb2') in 0.014011 seconds 
========================================================================
Received Import Request.
  Time since last request: 0.000082 seconds.
  path: Assets/Vast Outer Space/Textures/Planet_I_NRM.png
  artifactKey: Guid(37d9046fa2ee8ca4e9a93dbae12125dc) Importer(815301076,1909f56bfc062723c751e8b465ee728b)
Start importing Assets/Vast Outer Space/Textures/Planet_I_NRM.png using Guid(37d9046fa2ee8ca4e9a93dbae12125dc) Importer(815301076,1909f56bfc062723c751e8b465ee728b)  -> (artifact id: '7de0bba9130ee3ad815f886d8013a356') in 0.024557 seconds 
========================================================================
Received Import Request.
  Time since last request: 0.000184 seconds.
  path: Assets/Vast Outer Space/Textures/Star_Red.png
  artifactKey: Guid(f13078c6173266d4e9399970e5fffc21) Importer(815301076,1909f56bfc062723c751e8b465ee728b)
Start importing Assets/Vast Outer Space/Textures/Star_Red.png using Guid(f13078c6173266d4e9399970e5fffc21) Importer(815301076,1909f56bfc062723c751e8b465ee728b)  -> (artifact id: '1688c722a99e96aee8cadcde30c29bac') in 0.023036 seconds 
========================================================================
Received Import Request.
  Time since last request: 0.000116 seconds.
  path: Assets/Vast Outer Space/Textures/Planet_Ring_E2.png
  artifactKey: Guid(4edff50e979d6fb4dbd0e700029f5fd1) Importer(815301076,1909f56bfc062723c751e8b465ee728b)
Start importing Assets/Vast Outer Space/Textures/Planet_Ring_E2.png using Guid(4edff50e979d6fb4dbd0e700029f5fd1) Importer(815301076,1909f56bfc062723c751e8b465ee728b)  -> (artifact id: '778535eaedbc6ca6bba3ba1e35cf96de') in 0.022198 seconds 
========================================================================
Received Import Request.
  Time since last request: 0.000138 seconds.
  path: Assets/Vast Outer Space/Textures/Planet_F_NRM.png
  artifactKey: Guid(f75d66d8abd53e941981bb7889e909cb) Importer(815301076,1909f56bfc062723c751e8b465ee728b)
Start importing Assets/Vast Outer Space/Textures/Planet_F_NRM.png using Guid(f75d66d8abd53e941981bb7889e909cb) Importer(815301076,1909f56bfc062723c751e8b465ee728b)  -> (artifact id: 'b0a425f2f8b1c7c902bf6cbea3f8fdbc') in 0.016744 seconds 
========================================================================
Received Import Request.
  Time since last request: 0.000098 seconds.
  path: Assets/Vast Outer Space/Textures/Planet_E.png
  artifactKey: Guid(c66dddc112ab5d0478e8373a5536052a) Importer(815301076,1909f56bfc062723c751e8b465ee728b)
Start importing Assets/Vast Outer Space/Textures/Planet_E.png using Guid(c66dddc112ab5d0478e8373a5536052a) Importer(815301076,1909f56bfc062723c751e8b465ee728b)  -> (artifact id: 'cb27d74f83015305fd086565eecc579d') in 0.024756 seconds 
========================================================================
Received Import Request.
  Time since last request: 0.000077 seconds.
  path: Assets/Vast Outer Space/Textures/Planet_B_NRM.png
  artifactKey: Guid(4374313c54032764eb87a02fa7fdc745) Importer(815301076,1909f56bfc062723c751e8b465ee728b)
Start importing Assets/Vast Outer Space/Textures/Planet_B_NRM.png using Guid(4374313c54032764eb87a02fa7fdc745) Importer(815301076,1909f56bfc062723c751e8b465ee728b)  -> (artifact id: '0caf1f2bc7c1a39f41b2616b9e613829') in 0.016207 seconds 
========================================================================
Received Import Request.
  Time since last request: 0.000084 seconds.
  path: Assets/Vast Outer Space/Textures/Planet_Ring_D2.png
  artifactKey: Guid(5796e44246e868e4a8313d5f18b48692) Importer(815301076,1909f56bfc062723c751e8b465ee728b)
Start importing Assets/Vast Outer Space/Textures/Planet_Ring_D2.png using Guid(5796e44246e868e4a8313d5f18b48692) Importer(815301076,1909f56bfc062723c751e8b465ee728b)  -> (artifact id: '31f6e0038a03bd3ae7d28461685a789d') in 0.021143 seconds 
========================================================================
Received Import Request.
  Time since last request: 0.000092 seconds.
  path: Assets/Vast Outer Space/Textures/Skybox_E.png
  artifactKey: Guid(4f67505296ad4d141ab37d317167e7f7) Importer(815301076,1909f56bfc062723c751e8b465ee728b)
Start importing Assets/Vast Outer Space/Textures/Skybox_E.png using Guid(4f67505296ad4d141ab37d317167e7f7) Importer(815301076,1909f56bfc062723c751e8b465ee728b)  -> (artifact id: 'f56f590171742517b1a3c7f35ed5465b') in 0.018768 seconds 
========================================================================
Received Import Request.
  Time since last request: 8.788809 seconds.
  path: Assets/Vast Outer Space/Prefabs/Asteroids/Asteroid_B.prefab
  artifactKey: Guid(ead4c151b2850004782f62d3ac573cbe) Importer(815301076,1909f56bfc062723c751e8b465ee728b)
Start importing Assets/Vast Outer Space/Prefabs/Asteroids/Asteroid_B.prefab using Guid(ead4c151b2850004782f62d3ac573cbe) Importer(815301076,1909f56bfc062723c751e8b465ee728b)  -> (artifact id: 'd01c8438bca7976bb80420ee0b9ecaf6') in 0.582102 seconds 
========================================================================
Received Import Request.
  Time since last request: 556.863672 seconds.
  path: Assets/Vast Outer Space/Prefabs/Galaxies and Nebulae/Galaxy_Medium.prefab
  artifactKey: Guid(a6acb94124ef3b348ab02b76e97f1189) Importer(815301076,1909f56bfc062723c751e8b465ee728b)
Start importing Assets/Vast Outer Space/Prefabs/Galaxies and Nebulae/Galaxy_Medium.prefab using Guid(a6acb94124ef3b348ab02b76e97f1189) Importer(815301076,1909f56bfc062723c751e8b465ee728b)  -> (artifact id: '3f93ca9602516de2cfbf17a518f1c0a8') in 0.207768 seconds 
========================================================================
Received Import Request.
  Time since last request: 0.000138 seconds.
  path: Assets/Vast Outer Space/Prefabs/Galaxies and Nebulae/Supernova_A.prefab
  artifactKey: Guid(8ae16a70f008e674a8c7624f25c1b14d) Importer(815301076,1909f56bfc062723c751e8b465ee728b)
Start importing Assets/Vast Outer Space/Prefabs/Galaxies and Nebulae/Supernova_A.prefab using Guid(8ae16a70f008e674a8c7624f25c1b14d) Importer(815301076,1909f56bfc062723c751e8b465ee728b)  -> (artifact id: '28748d15841665b5dce8fabcca055dd7') in 0.186696 seconds 
========================================================================
Received Import Request.
  Time since last request: 0.000160 seconds.
  path: Assets/Vast Outer Space/Prefabs/Galaxies and Nebulae/Galaxy_Small.prefab
  artifactKey: Guid(a0bba650a2f3bc74296aad288c08d469) Importer(815301076,1909f56bfc062723c751e8b465ee728b)
Start importing Assets/Vast Outer Space/Prefabs/Galaxies and Nebulae/Galaxy_Small.prefab using Guid(a0bba650a2f3bc74296aad288c08d469) Importer(815301076,1909f56bfc062723c751e8b465ee728b)  -> (artifact id: '0f8b84c5b3f04395f83c69e177cc46e1') in 0.041235 seconds 
========================================================================
Received Import Request.
  Time since last request: 0.000103 seconds.
  path: Assets/Vast Outer Space/Prefabs/Galaxies and Nebulae/Supernova_C.prefab
  artifactKey: Guid(44e2007d7472da44396bc2a9e0fb3f39) Importer(815301076,1909f56bfc062723c751e8b465ee728b)
Start importing Assets/Vast Outer Space/Prefabs/Galaxies and Nebulae/Supernova_C.prefab using Guid(44e2007d7472da44396bc2a9e0fb3f39) Importer(815301076,1909f56bfc062723c751e8b465ee728b)  -> (artifact id: 'da6bd758c2c2aa7f7222c46c395d1932') in 0.021955 seconds 
========================================================================
Received Import Request.
  Time since last request: 0.000063 seconds.
  path: Assets/Vast Outer Space/Prefabs/Galaxies and Nebulae/Supernova_F.prefab
  artifactKey: Guid(220bfc21aa7483d4b981032f1ac44fd4) Importer(815301076,1909f56bfc062723c751e8b465ee728b)
Start importing Assets/Vast Outer Space/Prefabs/Galaxies and Nebulae/Supernova_F.prefab using Guid(220bfc21aa7483d4b981032f1ac44fd4) Importer(815301076,1909f56bfc062723c751e8b465ee728b)  -> (artifact id: '3e38f48a8cb2705127f714a6cc1dbfc8') in 0.018403 seconds 
========================================================================
Received Import Request.
  Time since last request: 0.000063 seconds.
  path: Assets/Vast Outer Space/Prefabs/Galaxies and Nebulae/Supernova_D.prefab
  artifactKey: Guid(ce505e15eef1d1e46bc38cc7d5c8a84d) Importer(815301076,1909f56bfc062723c751e8b465ee728b)
Start importing Assets/Vast Outer Space/Prefabs/Galaxies and Nebulae/Supernova_D.prefab using Guid(ce505e15eef1d1e46bc38cc7d5c8a84d) Importer(815301076,1909f56bfc062723c751e8b465ee728b)  -> (artifact id: 'dbebdd6d905eaa5357059ec6b95e589f') in 0.019112 seconds 
========================================================================
Received Import Request.
  Time since last request: 318.379848 seconds.
  path: Assets/Vast Outer Space/Prefabs/Gas_Planets/Gas_Planet_A.prefab
  artifactKey: Guid(f2f3120c1bdbe1048b22872d840de803) Importer(815301076,1909f56bfc062723c751e8b465ee728b)
Start importing Assets/Vast Outer Space/Prefabs/Gas_Planets/Gas_Planet_A.prefab using Guid(f2f3120c1bdbe1048b22872d840de803) Importer(815301076,1909f56bfc062723c751e8b465ee728b)  -> (artifact id: 'c22adaa0dc9ff49a37a973aea062abe6') in 0.087449 seconds 
========================================================================
Received Import Request.
  Time since last request: 0.000358 seconds.
  path: Assets/Vast Outer Space/Prefabs/Gas_Planets/Gas_Planet_E.prefab
  artifactKey: Guid(9bc7818d5f646e449a9a231e56b9bcb2) Importer(815301076,1909f56bfc062723c751e8b465ee728b)
Start importing Assets/Vast Outer Space/Prefabs/Gas_Planets/Gas_Planet_E.prefab using Guid(9bc7818d5f646e449a9a231e56b9bcb2) Importer(815301076,1909f56bfc062723c751e8b465ee728b)  -> (artifact id: '2b0ec9c89a6c57e064e131a90a641c56') in 0.020816 seconds 
========================================================================
Received Import Request.
  Time since last request: 0.000100 seconds.
  path: Assets/Vast Outer Space/Prefabs/Gas_Planets/Gas_Planet_I.prefab
  artifactKey: Guid(9b81a1e9339b8bb4d90cdb180b6122d2) Importer(815301076,1909f56bfc062723c751e8b465ee728b)
Start importing Assets/Vast Outer Space/Prefabs/Gas_Planets/Gas_Planet_I.prefab using Guid(9b81a1e9339b8bb4d90cdb180b6122d2) Importer(815301076,1909f56bfc062723c751e8b465ee728b)  -> (artifact id: 'bb1e49b69d467375e04a7bdaea9d034f') in 0.019508 seconds 
========================================================================
Received Import Request.
  Time since last request: 0.000182 seconds.
  path: Assets/Vast Outer Space/Prefabs/Gas_Planets/Gas_Planet_F.prefab
  artifactKey: Guid(5bb6f67ac3a49004fb0e5b9174a1d1bb) Importer(815301076,1909f56bfc062723c751e8b465ee728b)
Start importing Assets/Vast Outer Space/Prefabs/Gas_Planets/Gas_Planet_F.prefab using Guid(5bb6f67ac3a49004fb0e5b9174a1d1bb) Importer(815301076,1909f56bfc062723c751e8b465ee728b)  -> (artifact id: '80651409c6ce092c818a4fac5984ba4e') in 0.020709 seconds 
========================================================================
Received Import Request.
  Time since last request: 0.000083 seconds.
  path: Assets/Vast Outer Space/Prefabs/Gas_Planets/Gas_Planet_G.prefab
  artifactKey: Guid(e47bb2f50258ed841b48fa1eef455833) Importer(815301076,1909f56bfc062723c751e8b465ee728b)
Start importing Assets/Vast Outer Space/Prefabs/Gas_Planets/Gas_Planet_G.prefab using Guid(e47bb2f50258ed841b48fa1eef455833) Importer(815301076,1909f56bfc062723c751e8b465ee728b)  -> (artifact id: '4c7b727596e8e4ebb501f679cf20e1ca') in 0.015418 seconds 
========================================================================
Received Import Request.
  Time since last request: 0.000112 seconds.
  path: Assets/Vast Outer Space/Prefabs/Gas_Planets/Gas_Planet_J.prefab
  artifactKey: Guid(39c9a4332495ee04b8a6fb43b2a2f304) Importer(815301076,1909f56bfc062723c751e8b465ee728b)
Start importing Assets/Vast Outer Space/Prefabs/Gas_Planets/Gas_Planet_J.prefab using Guid(39c9a4332495ee04b8a6fb43b2a2f304) Importer(815301076,1909f56bfc062723c751e8b465ee728b)  -> (artifact id: '932f2f8af40ffb715ffa314fa0b1fafc') in 0.016207 seconds 
========================================================================
Received Prepare
Registering precompiled user dll's ...
Registered in 0.003037 seconds.
Begin MonoManager ReloadAssembly
Symbol file LoadedFromMemory doesn't match image /Users/sukanyachopra/Desktop/Multiverse-4/Multi-4/Library/PackageCache/com.unity.visualscripting@1.7.8/Editor/VisualScripting.Core/Dependencies/YamlDotNet/Unity.VisualScripting.YamlDotNet.dll
Symbol file LoadedFromMemory doesn't match image /Users/sukanyachopra/Desktop/Multiverse-4/Multi-4/Library/PackageCache/com.unity.visualscripting@1.7.8/Editor/VisualScripting.Core/Dependencies/DotNetZip/Unity.VisualScripting.IonicZip.dll
Native extension for OSXStandalone target not found
Native extension for WebGL target not found
Refreshing native plugins compatible for Editor in 3.75 ms, found 2 plugins.
Preloading 0 native plugins for Editor in 0.00 ms.
Mono: successfully reloaded assembly
- Completed reload, in  6.772 seconds
Domain Reload Profiling:
	ReloadAssembly (6780ms)
		BeginReloadAssembly (1267ms)
			ExecutionOrderSort (0ms)
			DisableScriptedObjects (128ms)
			BackupInstance (0ms)
			ReleaseScriptingObjects (0ms)
			CreateAndSetChildDomain (399ms)
		EndReloadAssembly (4999ms)
			LoadAssemblies (626ms)
			RebuildTransferFunctionScriptingTraits (1ms)
			SetupTypeCache (776ms)
			ReleaseScriptCaches (13ms)
			RebuildScriptCaches (89ms)
			SetupLoadedEditorAssemblies (3421ms)
				LogAssemblyErrors (0ms)
				InitializePlatformSupportModulesInManaged (142ms)
				SetLoadedEditorAssemblies (5ms)
				RefreshPlugins (15ms)
				BeforeProcessingInitializeOnLoad (371ms)
				ProcessInitializeOnLoadAttributes (2593ms)
				ProcessInitializeOnLoadMethodAttributes (289ms)
				AfterProcessingInitializeOnLoad (1ms)
				EditorAssembliesLoaded (3ms)
			ExecutionOrderSort2 (0ms)
			AwakeInstancesAfterBackupRestoration (20ms)
Platform modules already initialized, skipping
Refreshing native plugins compatible for Editor in 2.56 ms, found 2 plugins.
Preloading 0 native plugins for Editor in 0.00 ms.
Unloading 3375 Unused Serialized files (Serialized files now loaded: 0)
Unloading 20 unused Assets / (71.3 KB). Loaded Objects now: 3864.
Memory consumption went from 248.6 MB to 248.5 MB.
Total: 11.261709 ms (FindLiveObjects: 1.116208 ms CreateObjectMapping: 0.212208 ms MarkObjects: 7.731458 ms  DeleteObjects: 2.199625 ms)

AssetImportParameters requested are different than current active one (requested -> active):
  custom:video-decoder-ogg-theora: a1e56fd34408186e4bbccfd4996cb3dc -> 
  custom:container-muxer-webm: aa71ff27fc2769a1b78a27578f13a17b -> 
  custom:container-demuxer-webm: 4f35f7cbe854078d1ac9338744f61a02 -> 
  custom:video-encoder-webm-vp8: eb34c28f22e8b96e1ab97ce403110664 -> 
  custom:framework-osx-AVFoundation: e770b220cccbd017edd2c1fefb359320 -> 
  custom:audio-encoder-webm-vorbis: bf7c407c2cedff20999df2af8eb42d56 -> 
  custom:container-demuxer-ogg: 62fdf1f143b41e24485cea50d1cbac27 -> 
  custom:video-decoder-webm-vp8: 9c59270c3fd7afecdb556c50c9e8de78 -> 
  custom:audio-decoder-ogg-vorbis: bf7c407c2cedff20999df2af8eb42d56 -> 
========================================================================
Received Import Request.
  Time since last request: 139.342673 seconds.
  path: Assets/Apartment_Door/Prefabs/FPS_Controller.prefab
  artifactKey: Guid(7817ba0fa318d114d9609cf9a8813ed4) Importer(815301076,1909f56bfc062723c751e8b465ee728b)
Start importing Assets/Apartment_Door/Prefabs/FPS_Controller.prefab using Guid(7817ba0fa318d114d9609cf9a8813ed4) Importer(815301076,1909f56bfc062723c751e8b465ee728b)  -> (artifact id: 'c17886cbc8e4f31534fef9b9b30ca92b') in 0.268528 seconds 
========================================================================
Received Import Request.
  Time since last request: 0.000205 seconds.
  path: Assets/Apartment_Door/Prefabs/Key.prefab
  artifactKey: Guid(7e5a5878d2ea0cd4c894dfc9bad282bc) Importer(815301076,1909f56bfc062723c751e8b465ee728b)
Start importing Assets/Apartment_Door/Prefabs/Key.prefab using Guid(7e5a5878d2ea0cd4c894dfc9bad282bc) Importer(815301076,1909f56bfc062723c751e8b465ee728b)  -> (artifact id: 'ae6fc4a1ea746e598c90971500f026d0') in 0.584178 seconds 
========================================================================
Received Import Request.
  Time since last request: 331.004613 seconds.
  path: Assets/Apartment_Door/Materials/SimpleDoor_Mat.mat
  artifactKey: Guid(0e4a863307f742341ad22834dbd928ea) Importer(815301076,1909f56bfc062723c751e8b465ee728b)
Start importing Assets/Apartment_Door/Materials/SimpleDoor_Mat.mat using Guid(0e4a863307f742341ad22834dbd928ea) Importer(815301076,1909f56bfc062723c751e8b465ee728b)  -> (artifact id: '3e70731712802e9c915d382a24cdcdf3') in 1.390545 seconds 
========================================================================
Received Import Request.
  Time since last request: 7.852694 seconds.
  path: Assets/Apartment_Door/Textures/SimpleDoor/Simple Door LOD0_LOD0_AO.png
  artifactKey: Guid(68876c57e9d1a784ea8425f8381a0415) Importer(815301076,1909f56bfc062723c751e8b465ee728b)
Start importing Assets/Apartment_Door/Textures/SimpleDoor/Simple Door LOD0_LOD0_AO.png using Guid(68876c57e9d1a784ea8425f8381a0415) Importer(815301076,1909f56bfc062723c751e8b465ee728b)  -> (artifact id: 'f9e6004d3fd9fa135d91509a349e4b2c') in 0.136474 seconds 
========================================================================
Received Import Request.
  Time since last request: 0.000080 seconds.
  path: Assets/Apartment_Door/Textures/SimpleDoor/Simple Door LOD0_LOD0_Normal.png
  artifactKey: Guid(d262f1666c9607f41afdde552b399619) Importer(815301076,1909f56bfc062723c751e8b465ee728b)
Start importing Assets/Apartment_Door/Textures/SimpleDoor/Simple Door LOD0_LOD0_Normal.png using Guid(d262f1666c9607f41afdde552b399619) Importer(815301076,1909f56bfc062723c751e8b465ee728b)  -> (artifact id: '16e802f3164a8b903a2cc67482b342c7') in 0.030806 seconds 
